2022.11.25 13:40:10 INFO  tracing is disabled for protocol LSP, to enable tracing of incoming and outgoing JSON messages create an empty file at /Users/katherine/Desktop/Personal/AOC2023/.metals/lsp.trace.json or /Users/katherine/Library/Caches/org.scalameta.metals/lsp.trace.json[0m
2022.11.25 13:40:11 INFO  logging to file /Users/katherine/Desktop/Personal/AOC2023/.metals/metals.log[0m
2022.11.25 13:40:11 INFO  Started: Metals version 0.11.9 in workspace '/Users/katherine/Desktop/Personal/AOC2023' for client Visual Studio Code 1.73.1.[0m
2022.11.25 13:40:13 INFO  time: initialize in 1.61s[0m
2022.11.25 13:40:17 WARN  Build server is not auto-connectable.[0m
2022.11.25 13:41:33 WARN  no build target for: /Users/katherine/Desktop/Personal/AOC2023/build.sbt[0m
2022.11.25 13:41:40 INFO  no build target found for /Users/katherine/Desktop/Personal/AOC2023/build.sbt. Using presentation compiler with project's scala-library version: 3.2.0[0m
2022.11.25 13:41:40 WARN  no build target for: /Users/katherine/Desktop/Personal/AOC2023/build.sbt[0m
Nov 25, 2022 1:41:41 PM org.eclipse.lsp4j.jsonrpc.RemoteEndpoint handleCancellation
WARNING: Unmatched cancel notification for request id 11
2022.11.25 13:41:41 WARN  no build target for: /Users/katherine/Desktop/Personal/AOC2023/build.sbt[0m
Nov 25, 2022 1:41:41 PM org.eclipse.lsp4j.jsonrpc.RemoteEndpoint handleCancellation
WARNING: Unmatched cancel notification for request id 14
2022.11.25 13:41:42 INFO  time: code lens generation in 8.23s[0m
2022.11.25 13:41:42 INFO  time: code lens generation in 5.13s[0m
Exception in thread "pool-3-thread-1" Exception in thread "pool-3-thread-2" java.lang.InterruptedException
	at scala.meta.internal.metals.FutureCancelToken.checkCanceled(FutureCancelToken.scala:29)
	at scala.meta.internal.pc.CompilerAccess.onCompilerJobQueue$$anonfun$1(CompilerAccess.scala:195)
	at scala.meta.internal.pc.CompilerJobQueue$Job.run(CompilerJobQueue.scala:152)
	at java.base/java.util.concurrent.ThreadPoolExecutor.runWorker(ThreadPoolExecutor.java:1136)
	at java.base/java.util.concurrent.ThreadPoolExecutor$Worker.run(ThreadPoolExecutor.java:635)
	at java.base/java.lang.Thread.run(Thread.java:833)
java.lang.InterruptedException
	at scala.meta.internal.metals.FutureCancelToken.checkCanceled(FutureCancelToken.scala:29)
	at scala.meta.internal.pc.CompilerAccess.onCompilerJobQueue$$anonfun$1(CompilerAccess.scala:195)
	at scala.meta.internal.pc.CompilerJobQueue$Job.run(CompilerJobQueue.scala:152)
	at java.base/java.util.concurrent.ThreadPoolExecutor.runWorker(ThreadPoolExecutor.java:1136)
	at java.base/java.util.concurrent.ThreadPoolExecutor$Worker.run(ThreadPoolExecutor.java:635)
	at java.base/java.lang.Thread.run(Thread.java:833)
Exception in thread "pool-3-thread-3" java.lang.InterruptedException
	at scala.meta.internal.metals.FutureCancelToken.checkCanceled(FutureCancelToken.scala:29)
	at scala.meta.internal.pc.CompilerAccess.onCompilerJobQueue$$anonfun$1(CompilerAccess.scala:195)
	at scala.meta.internal.pc.CompilerJobQueue$Job.run(CompilerJobQueue.scala:152)
	at java.base/java.util.concurrent.ThreadPoolExecutor.runWorker(ThreadPoolExecutor.java:1136)
	at java.base/java.util.concurrent.ThreadPoolExecutor$Worker.run(ThreadPoolExecutor.java:635)
	at java.base/java.lang.Thread.run(Thread.java:833)
2022.11.25 13:41:42 WARN  no build target for: /Users/katherine/Desktop/Personal/AOC2023/build.sbt[0m
2022.11.25 13:41:44 INFO  running '/Users/katherine/Library/Java/JavaVirtualMachines/corretto-17.0.4.1/Contents/Home/bin/java -Djline.terminal=jline.UnsupportedTerminal -Dsbt.log.noformat=true -Dfile.encoding=UTF-8 -jar /var/folders/dd/5j41t5_x5zs499t_jp9t_k0h0000gn/T/metals2795051920359838923/sbt-launch.jar -Dbloop.export-jar-classifiers=sources bloopInstall'[0m
2022.11.25 13:41:45 WARN  no build target for: /Users/katherine/Desktop/Personal/AOC2023/project/metals.sbt[0m
2022.11.25 13:41:45 WARN  no build target for: /Users/katherine/Desktop/Personal/AOC2023/project/project/metals.sbt[0m
2022.11.25 13:41:47 INFO  [info] welcome to sbt 1.6.1 (Amazon.com Inc. Java 17.0.4.1)[0m
2022.11.25 13:41:54 INFO  [info] loading global plugins from /Users/katherine/.sbt/1.0/plugins[0m
2022.11.25 13:42:00 INFO  [info] loading settings for project aoc2023-build-build from metals.sbt ...[0m
2022.11.25 13:42:00 INFO  [info] loading project definition from /Users/katherine/Desktop/Personal/AOC2023/project/project[0m
2022.11.25 13:42:01 INFO  [info] loading settings for project aoc2023-build from metals.sbt ...[0m
2022.11.25 13:42:01 INFO  [info] loading project definition from /Users/katherine/Desktop/Personal/AOC2023/project[0m
2022.11.25 13:42:08 WARN  no build target for: /Users/katherine/Desktop/Personal/AOC2023/src/main/scala/Hello.scala[0m
2022.11.25 13:42:08 INFO  [success] Generated .bloop/aoc2023-build.json[0m
2022.11.25 13:42:08 INFO  [success] Total time: 6 s, completed 25 Nov 2022, 13:42:08[0m
2022.11.25 13:42:08 INFO  [info] loading settings for project aoc2023 from build.sbt ...[0m
2022.11.25 13:42:08 INFO  [info] set current project to ACO2023 (in build file:/Users/katherine/Desktop/Personal/AOC2023/)[0m
2022.11.25 13:42:11 INFO  [success] Generated .bloop/aoc2023.json[0m
2022.11.25 13:42:11 INFO  [success] Generated .bloop/aoc2023-test.json[0m
2022.11.25 13:42:11 INFO  [success] Total time: 1 s, completed 25 Nov 2022, 13:42:11[0m
2022.11.25 13:42:11 INFO  time: ran 'sbt bloopInstall' in 26s[0m
2022.11.25 13:42:11 INFO  Attempting to connect to the build server...[0m
2022.11.25 13:42:11 INFO  Detected non existing java path in /Users/katherine/.bloop/bloop.json file[0m
2022.11.25 13:42:11 INFO  Replacing it with java home at /Users/katherine/Library/Java/JavaVirtualMachines/corretto-17.0.4.1/Contents/Home[0m
2022.11.25 13:42:17 INFO  tracing is disabled for protocol BSP, to enable tracing of incoming and outgoing JSON messages create an empty file at /Users/katherine/Desktop/Personal/AOC2023/.metals/bsp.trace.json or /Users/katherine/Library/Caches/org.scalameta.metals/bsp.trace.json[0m
2022.11.25 13:42:17 INFO  Attempting to connect to the build server...[0m
2022.11.25 13:42:17 INFO  Bloop uses /Users/katherine/Library/Java/JavaVirtualMachines/corretto-17.0.4.1/Contents/Home defined at /Users/katherine/.bloop/bloop.json[0m
2022.11.25 13:42:17 INFO  tracing is disabled for protocol BSP, to enable tracing of incoming and outgoing JSON messages create an empty file at /Users/katherine/Desktop/Personal/AOC2023/project/.metals/bsp.trace.json or /Users/katherine/Library/Caches/org.scalameta.metals/bsp.trace.json[0m
2022.11.25 13:42:19 INFO  time: Connected to build server in 8.3s[0m
2022.11.25 13:42:19 INFO  Connected to Build server: Bloop v1.5.4[0m
2022.11.25 13:42:19 INFO  time: Imported build in 0.21s[0m
2022.11.25 13:42:34 INFO  time: indexed workspace in 14s[0m
2022.11.25 13:42:35 INFO  compiling aoc2023 (1 scala source)[0m
2022.11.25 13:42:44 INFO  compiling aoc2023 (2 scala sources)[0m
2022.11.25 13:42:44 INFO  time: compiled aoc2023 in 0.89s[0m
2022.11.25 13:42:45 INFO  skipping build import with status 'Dismissed'[0m
2022.11.25 13:42:49 INFO  compiling aoc2023 (1 scala source)[0m
2022.11.25 13:42:49 INFO  time: compiled aoc2023 in 0.13s[0m
2022.11.25 13:42:54 INFO  compiling aoc2023 (1 scala source)[0m
2022.11.25 13:42:54 INFO  time: compiled aoc2023 in 0.64s[0m
2022.11.25 13:43:30 INFO  compiling aoc2023 (1 scala source)[0m
2022.11.25 13:43:30 INFO  time: compiled aoc2023 in 0.67s[0m
Nov 25, 2022 1:48:48 PM org.eclipse.lsp4j.jsonrpc.RemoteEndpoint handleCancellation
WARNING: Unmatched cancel notification for request id 82
2022.11.25 13:48:53 INFO  compiling aoc2023 (1 scala source)[0m
2022.11.25 13:48:53 INFO  time: compiled aoc2023 in 0.34s[0m
2022.11.25 13:49:00 INFO  compiling aoc2023 (1 scala source)[0m
2022.11.25 13:49:00 INFO  time: compiled aoc2023 in 0.15s[0m
2022.11.25 13:49:03 INFO  compiling aoc2023 (1 scala source)[0m
2022.11.25 13:49:03 INFO  time: compiled aoc2023 in 0.12s[0m
Nov 25, 2022 1:49:25 PM org.eclipse.lsp4j.jsonrpc.RemoteEndpoint handleCancellation
WARNING: Unmatched cancel notification for request id 175
2022.11.25 13:49:29 INFO  compiling aoc2023 (1 scala source)[0m
2022.11.25 13:49:29 INFO  time: compiled aoc2023 in 0.2s[0m
2022.11.25 13:49:43 INFO  compiling aoc2023 (1 scala source)[0m
2022.11.25 13:49:43 INFO  time: compiled aoc2023 in 0.17s[0m
2022.11.25 13:49:44 INFO  compiling aoc2023 (1 scala source)[0m
2022.11.25 13:49:44 INFO  time: compiled aoc2023 in 0.15s[0m
2022.11.25 13:49:51 INFO  compiling aoc2023 (1 scala source)[0m
2022.11.25 13:49:51 INFO  time: compiled aoc2023 in 0.14s[0m
2022.11.25 13:49:54 INFO  file:///Users/katherine/Desktop/Personal/AOC2023/src/main/scala/Day01.scala:5:1: stale bloop error: expression expected but eof found

^[0m
2022.11.25 13:49:55 INFO  file:///Users/katherine/Desktop/Personal/AOC2023/src/main/scala/Day01.scala:5:1: stale bloop error: expression expected but eof found

^[0m
2022.11.25 13:50:01 INFO  compiling aoc2023 (1 scala source)[0m
2022.11.25 13:50:01 INFO  time: compiled aoc2023 in 0.69s[0m
Nov 25, 2022 2:02:20 PM org.eclipse.lsp4j.jsonrpc.RemoteEndpoint handleCancellation
WARNING: Unmatched cancel notification for request id 287
2022.11.25 14:02:28 INFO  compiling aoc2023 (1 scala source)[0m
2022.11.25 14:02:28 INFO  time: compiled aoc2023 in 0.43s[0m
2022.11.25 14:02:33 INFO  compiling aoc2023 (1 scala source)[0m
Nov 25, 2022 2:02:33 PM org.eclipse.lsp4j.jsonrpc.RemoteEndpoint handleCancellation
WARNING: Unmatched cancel notification for request id 326
2022.11.25 14:02:33 INFO  Deduplicating compilation of aoc2023 from bsp client 'Metals 0.11.9' (since 20m 15.864s)[0m
2022.11.25 14:02:33 INFO  compiling aoc2023 (1 scala source)[0m
Nov 25, 2022 2:02:33 PM org.eclipse.lsp4j.jsonrpc.RemoteEndpoint handleCancellation
WARNING: Unmatched cancel notification for request id 327
2022.11.25 14:02:33 INFO  time: compiled aoc2023 in 0.64s[0m
2022.11.25 14:02:35 INFO  compiling aoc2023 (1 scala source)[0m
2022.11.25 14:02:35 INFO  time: compiled aoc2023 in 0.47s[0m
Nov 25, 2022 2:05:34 PM org.eclipse.lsp4j.jsonrpc.RemoteEndpoint handleCancellation
WARNING: Unmatched cancel notification for request id 345
2022.11.25 14:05:36 INFO  compiling aoc2023 (1 scala source)[0m
2022.11.25 14:05:36 INFO  time: compiled aoc2023 in 0.17s[0m
Nov 25, 2022 2:05:37 PM org.eclipse.lsp4j.jsonrpc.RemoteEndpoint handleCancellation
WARNING: Unmatched cancel notification for request id 360
2022.11.25 14:05:40 INFO  compiling aoc2023 (1 scala source)[0m
2022.11.25 14:05:40 INFO  time: compiled aoc2023 in 0.18s[0m
2022.11.25 14:05:42 INFO  compiling aoc2023 (1 scala source)[0m
2022.11.25 14:05:42 INFO  time: compiled aoc2023 in 0.32s[0m
2022.11.25 14:05:52 INFO  compiling aoc2023 (1 scala source)[0m
2022.11.25 14:05:52 INFO  time: compiled aoc2023 in 69ms[0m
2022.11.25 14:06:00 INFO  compiling aoc2023 (1 scala source)[0m
2022.11.25 14:06:00 INFO  time: compiled aoc2023 in 0.11s[0m
2022.11.25 14:06:03 INFO  compiling aoc2023 (1 scala source)[0m
2022.11.25 14:06:03 INFO  time: compiled aoc2023 in 0.1s[0m
2022.11.25 14:06:06 INFO  compiling aoc2023 (1 scala source)[0m
2022.11.25 14:06:06 INFO  time: compiled aoc2023 in 0.46s[0m
2022.11.25 14:06:11 INFO  compiling aoc2023 (1 scala source)[0m
2022.11.25 14:06:11 INFO  time: compiled aoc2023 in 0.32s[0m
2022.11.25 14:06:13 INFO  compiling aoc2023 (1 scala source)[0m
2022.11.25 14:06:13 INFO  time: compiled aoc2023 in 0.44s[0m
2022.11.25 14:06:16 INFO  compiling aoc2023 (1 scala source)[0m
2022.11.25 14:06:16 INFO  time: compiled aoc2023 in 0.3s[0m
2022.11.25 14:06:23 INFO  compiling aoc2023 (1 scala source)[0m
2022.11.25 14:06:23 INFO  time: compiled aoc2023 in 0.28s[0m
2022.11.25 14:06:40 INFO  compiling aoc2023 (1 scala source)[0m
2022.11.25 14:06:40 INFO  time: compiled aoc2023 in 0.15s[0m
2022.11.25 14:06:46 INFO  compiling aoc2023 (1 scala source)[0m
2022.11.25 14:06:46 INFO  time: compiled aoc2023 in 0.23s[0m
2022.11.25 14:06:53 INFO  compiling aoc2023 (1 scala source)[0m
2022.11.25 14:06:53 INFO  time: compiled aoc2023 in 0.11s[0m
2022.11.25 14:06:57 INFO  compiling aoc2023 (1 scala source)[0m
2022.11.25 14:06:57 INFO  time: compiled aoc2023 in 0.1s[0m
Nov 25, 2022 2:07:01 PM org.eclipse.lsp4j.jsonrpc.RemoteEndpoint handleCancellation
WARNING: Unmatched cancel notification for request id 567
2022.11.25 14:07:03 INFO  compiling aoc2023 (1 scala source)[0m
2022.11.25 14:07:03 INFO  time: compiled aoc2023 in 0.26s[0m
2022.11.25 14:07:10 INFO  compiling aoc2023 (1 scala source)[0m
2022.11.25 14:07:10 INFO  time: compiled aoc2023 in 0.25s[0m
2022.11.25 14:07:58 INFO  compiling aoc2023 (1 scala source)[0m
2022.11.25 14:07:58 INFO  time: compiled aoc2023 in 0.27s[0m
2022.11.25 14:08:03 INFO  compiling aoc2023 (1 scala source)[0m
2022.11.25 14:08:03 INFO  time: compiled aoc2023 in 0.77s[0m
2022.11.25 14:08:05 INFO  compiling aoc2023 (1 scala source)[0m
2022.11.25 14:08:07 INFO  time: compiled aoc2023 in 1.62s[0m
2022.11.25 14:08:07 INFO  compiling aoc2023 (1 scala source)[0m
2022.11.25 14:08:07 INFO  time: compiled aoc2023 in 0.68s[0m
2022.11.25 14:08:09 INFO  compiling aoc2023 (1 scala source)[0m
2022.11.25 14:08:09 INFO  time: compiled aoc2023 in 0.46s[0m
2022.11.25 14:08:23 INFO  compiling aoc2023 (1 scala source)[0m
2022.11.25 14:08:23 INFO  time: compiled aoc2023 in 0.31s[0m
2022.11.25 14:08:25 INFO  compiling aoc2023 (1 scala source)[0m
2022.11.25 14:08:25 INFO  time: compiled aoc2023 in 0.26s[0m
2022.11.25 14:08:32 INFO  compiling aoc2023 (1 scala source)[0m
2022.11.25 14:08:32 INFO  time: compiled aoc2023 in 0.4s[0m
2022.11.25 14:08:34 INFO  compiling aoc2023 (1 scala source)[0m
2022.11.25 14:08:34 INFO  time: compiled aoc2023 in 0.28s[0m
2022.11.25 14:08:37 INFO  compiling aoc2023 (1 scala source)[0m
2022.11.25 14:08:37 INFO  time: compiled aoc2023 in 0.27s[0m
2022.11.25 14:08:40 INFO  compiling aoc2023 (1 scala source)[0m
2022.11.25 14:08:40 INFO  time: compiled aoc2023 in 0.26s[0m
2022.11.25 14:08:55 INFO  compiling aoc2023 (1 scala source)[0m
2022.11.25 14:08:55 INFO  time: compiled aoc2023 in 0.11s[0m
2022.11.25 14:09:00 INFO  compiling aoc2023 (1 scala source)[0m
2022.11.25 14:09:00 INFO  time: compiled aoc2023 in 75ms[0m
2022.11.25 14:09:13 INFO  compiling aoc2023 (1 scala source)[0m
2022.11.25 14:09:13 INFO  time: compiled aoc2023 in 0.23s[0m
2022.11.25 14:09:15 INFO  compiling aoc2023 (1 scala source)[0m
2022.11.25 14:09:15 INFO  time: compiled aoc2023 in 0.24s[0m
2022.11.25 14:09:16 INFO  compiling aoc2023 (1 scala source)[0m
2022.11.25 14:09:16 INFO  time: compiled aoc2023 in 0.11s[0m
2022.11.25 14:09:20 INFO  compiling aoc2023 (1 scala source)[0m
2022.11.25 14:09:20 INFO  time: compiled aoc2023 in 93ms[0m
2022.11.25 14:09:33 INFO  compiling aoc2023 (1 scala source)[0m
2022.11.25 14:09:33 INFO  time: compiled aoc2023 in 0.11s[0m
2022.11.25 14:09:35 INFO  compiling aoc2023 (1 scala source)[0m
2022.11.25 14:09:35 INFO  time: compiled aoc2023 in 72ms[0m
2022.11.25 14:09:40 INFO  compiling aoc2023 (1 scala source)[0m
2022.11.25 14:09:40 INFO  time: compiled aoc2023 in 0.6s[0m
2022.11.25 14:09:50 INFO  compiling aoc2023 (1 scala source)[0m
2022.11.25 14:09:50 INFO  time: compiled aoc2023 in 0.25s[0m
2022.11.25 14:10:04 INFO  compiling aoc2023 (1 scala source)[0m
2022.11.25 14:10:04 INFO  time: compiled aoc2023 in 0.21s[0m
2022.11.25 14:10:04 INFO  file:///Users/katherine/Desktop/Personal/AOC2023/src/main/scala/Day01.scala:9:13: stale bloop error: missing argument for parameter resource of method fromResource in object Source: (resource: String, classLoader: ClassLoader)
  (implicit codec: scala.io.Codec): scala.io.BufferedSource
val input = Source.fromResource()
            ^^^^^^^^^^^^^^^^^^^^^[0m
2022.11.25 14:10:04 INFO  file:///Users/katherine/Desktop/Personal/AOC2023/src/main/scala/Day01.scala:9:13: stale bloop error: missing argument for parameter resource of method fromResource in object Source: (resource: String, classLoader: ClassLoader)
  (implicit codec: scala.io.Codec): scala.io.BufferedSource
val input = Source.fromResource()
            ^^^^^^^^^^^^^^^^^^^^^[0m
2022.11.25 14:10:05 INFO  compiling aoc2023 (1 scala source)[0m
2022.11.25 14:10:05 INFO  time: compiled aoc2023 in 0.59s[0m
2022.11.25 14:10:09 INFO  compiling aoc2023 (1 scala source)[0m
2022.11.25 14:10:09 INFO  time: compiled aoc2023 in 0.61s[0m
2022.11.25 14:10:13 INFO  compiling aoc2023 (1 scala source)[0m
2022.11.25 14:10:13 INFO  time: compiled aoc2023 in 0.26s[0m
2022.11.25 14:10:15 INFO  compiling aoc2023 (1 scala source)[0m
2022.11.25 14:10:15 INFO  time: compiled aoc2023 in 0.49s[0m
2022.11.25 14:10:18 INFO  compiling aoc2023 (1 scala source)[0m
2022.11.25 14:10:18 INFO  time: compiled aoc2023 in 0.2s[0m
2022.11.25 14:10:18 INFO  file:///Users/katherine/Desktop/Personal/AOC2023/src/main/scala/Day01.scala:9:13: stale bloop error: missing argument for parameter i of method apply in class StringOps: (i: Int): Char
val input = Source.fromResource("Day01.txt").mkString()
            ^^^^^^^^^^^^^^^^^^^^^^^^^^^^^^^^^^^^^^^^^^^[0m
2022.11.25 14:10:18 INFO  file:///Users/katherine/Desktop/Personal/AOC2023/src/main/scala/Day01.scala:9:13: stale bloop error: missing argument for parameter i of method apply in class StringOps: (i: Int): Char
val input = Source.fromResource("Day01.txt").mkString()
            ^^^^^^^^^^^^^^^^^^^^^^^^^^^^^^^^^^^^^^^^^^^[0m
2022.11.25 14:10:19 INFO  file:///Users/katherine/Desktop/Personal/AOC2023/src/main/scala/Day01.scala:9:13: stale bloop error: missing argument for parameter i of method apply in class StringOps: (i: Int): Char
val input = Source.fromResource("Day01.txt").mkString()
            ^^^^^^^^^^^^^^^^^^^^^^^^^^^^^^^^^^^^^^^^^^^[0m
2022.11.25 14:10:19 INFO  file:///Users/katherine/Desktop/Personal/AOC2023/src/main/scala/Day01.scala:9:13: stale bloop error: missing argument for parameter i of method apply in class StringOps: (i: Int): Char
val input = Source.fromResource("Day01.txt").mkString()
            ^^^^^^^^^^^^^^^^^^^^^^^^^^^^^^^^^^^^^^^^^^^[0m
2022.11.25 14:10:23 INFO  compiling aoc2023 (1 scala source)[0m
2022.11.25 14:10:23 INFO  time: compiled aoc2023 in 0.75s[0m
2022.11.25 14:10:32 INFO  compiling aoc2023 (1 scala source)[0m
2022.11.25 14:10:32 INFO  time: compiled aoc2023 in 0.98s[0m
2022.11.25 14:10:35 INFO  compiling aoc2023 (1 scala source)[0m
2022.11.25 14:10:35 INFO  file:///Users/katherine/Desktop/Personal/AOC2023/src/main/scala/Day01.scala:12:42: stale bloop error: unclosed string literal
  println(s"Answer of day 01 - part 1: ${")
                                         ^[0m
2022.11.25 14:10:35 INFO  file:///Users/katherine/Desktop/Personal/AOC2023/src/main/scala/Day01.scala:12:42: stale bloop error: unclosed string literal
  println(s"Answer of day 01 - part 1: ${")
                                         ^[0m
2022.11.25 14:10:35 INFO  file:///Users/katherine/Desktop/Personal/AOC2023/src/main/scala/Day01.scala:7:3: stale bloop error: Not found: Day01Part2
  Day01Part2
  ^^^^^^^^^^[0m
2022.11.25 14:10:35 INFO  time: compiled aoc2023 in 0.24s[0m
2022.11.25 14:10:35 INFO  file:///Users/katherine/Desktop/Personal/AOC2023/src/main/scala/Day01.scala:12:42: stale bloop error: unclosed string literal
  println(s"Answer of day 01 - part 1: ${")
                                         ^[0m
2022.11.25 14:10:35 INFO  file:///Users/katherine/Desktop/Personal/AOC2023/src/main/scala/Day01.scala:7:3: stale bloop error: Not found: Day01Part2
  Day01Part2
  ^^^^^^^^^^[0m
2022.11.25 14:10:35 INFO  file:///Users/katherine/Desktop/Personal/AOC2023/src/main/scala/Day01.scala:12:42: stale bloop error: unclosed string literal
  println(s"Answer of day 01 - part 1: ${")
                                         ^[0m
2022.11.25 14:10:35 INFO  file:///Users/katherine/Desktop/Personal/AOC2023/src/main/scala/Day01.scala:7:3: stale bloop error: Not found: Day01Part2
  Day01Part2
  ^^^^^^^^^^[0m
2022.11.25 14:10:36 INFO  compiling aoc2023 (1 scala source)[0m
2022.11.25 14:10:36 INFO  time: compiled aoc2023 in 0.4s[0m
2022.11.25 14:10:38 INFO  compiling aoc2023 (1 scala source)[0m
2022.11.25 14:10:38 INFO  time: compiled aoc2023 in 0.4s[0m
2022.11.25 14:10:53 INFO  compiling aoc2023 (1 scala source)[0m
2022.11.25 14:10:53 INFO  time: compiled aoc2023 in 0.69s[0m
2022.11.25 14:10:55 INFO  compiling aoc2023 (1 scala source)[0m
2022.11.25 14:10:55 INFO  time: compiled aoc2023 in 0.49s[0m
2022.11.25 14:11:14 INFO  compiling aoc2023 (1 scala source)[0m
2022.11.25 14:11:14 INFO  time: compiled aoc2023 in 0.36s[0m
2022.11.25 14:11:18 INFO  compiling aoc2023 (1 scala source)[0m
2022.11.25 14:11:18 INFO  time: compiled aoc2023 in 0.79s[0m
2022.11.25 14:11:19 WARN  Could not load snapshot text for /Users/katherine/Desktop/Personal/AOC2023/src/main/scala/Day01.scala[0m
2022.11.25 14:11:19 INFO  compiling aoc2023 (1 scala source)[0m
2022.11.25 14:11:19 INFO  time: compiled aoc2023 in 0.42s[0m
2022.11.25 14:11:20 WARN  Could not load snapshot text for /Users/katherine/Desktop/Personal/AOC2023/src/main/scala/Day01.scala[0m
2022.11.25 14:11:26 WARN  Could not load snapshot text for /Users/katherine/Desktop/Personal/AOC2023/src/main/scala/Day01.scala[0m
2022.11.25 14:11:27 INFO  compiling aoc2023 (1 scala source)[0m
2022.11.25 14:11:27 INFO  time: compiled aoc2023 in 0.36s[0m
2022.11.25 14:11:27 WARN  Could not load snapshot text for /Users/katherine/Desktop/Personal/AOC2023/src/main/scala/Day01.scala[0m
2022.11.25 14:11:32 WARN  Could not load snapshot text for /Users/katherine/Desktop/Personal/AOC2023/src/main/scala/Day01.scala[0m
2022.11.25 14:11:33 WARN  Could not load snapshot text for /Users/katherine/Desktop/Personal/AOC2023/src/main/scala/Day01.scala[0m
2022.11.25 14:11:33 WARN  Could not load snapshot text for /Users/katherine/Desktop/Personal/AOC2023/src/main/scala/Day01.scala[0m
2022.11.25 14:11:35 WARN  Could not load snapshot text for /Users/katherine/Desktop/Personal/AOC2023/src/main/scala/Day01.scala[0m
2022.11.25 14:11:35 WARN  Could not load snapshot text for /Users/katherine/Desktop/Personal/AOC2023/src/main/scala/Day01.scala[0m
2022.11.25 14:11:36 WARN  Could not load snapshot text for /Users/katherine/Desktop/Personal/AOC2023/src/main/scala/Day01.scala[0m
2022.11.25 14:11:37 INFO  compiling aoc2023 (1 scala source)[0m
2022.11.25 14:11:37 INFO  time: compiled aoc2023 in 0.29s[0m
2022.11.25 14:11:37 WARN  Could not load snapshot text for /Users/katherine/Desktop/Personal/AOC2023/src/main/scala/Day01.scala[0m
2022.11.25 14:11:38 INFO  compiling aoc2023 (1 scala source)[0m
2022.11.25 14:11:38 INFO  time: compiled aoc2023 in 0.13s[0m
2022.11.25 14:11:39 WARN  Could not load snapshot text for /Users/katherine/Desktop/Personal/AOC2023/src/main/scala/Day01.scala[0m
2022.11.25 14:11:39 WARN  Could not load snapshot text for /Users/katherine/Desktop/Personal/AOC2023/src/main/scala/Day01.scala[0m
2022.11.25 14:11:40 WARN  Could not load snapshot text for /Users/katherine/Desktop/Personal/AOC2023/src/main/scala/Day01.scala[0m
2022.11.25 14:11:41 INFO  compiling aoc2023 (1 scala source)[0m
2022.11.25 14:11:41 INFO  time: compiled aoc2023 in 0.13s[0m
2022.11.25 14:11:41 WARN  Could not load snapshot text for /Users/katherine/Desktop/Personal/AOC2023/src/main/scala/Day01.scala[0m
2022.11.25 14:11:42 WARN  Could not load snapshot text for /Users/katherine/Desktop/Personal/AOC2023/src/main/scala/Day01.scala[0m
2022.11.25 14:11:43 INFO  compiling aoc2023 (1 scala source)[0m
2022.11.25 14:11:43 INFO  time: compiled aoc2023 in 0.41s[0m
2022.11.25 14:11:43 WARN  Could not load snapshot text for /Users/katherine/Desktop/Personal/AOC2023/src/main/scala/Day01.scala[0m
2022.11.25 14:12:20 WARN  Could not load snapshot text for /Users/katherine/Desktop/Personal/AOC2023/src/main/scala/Day01.scala[0m
2022.11.25 14:12:21 INFO  compiling aoc2023 (1 scala source)[0m
2022.11.25 14:12:21 INFO  time: compiled aoc2023 in 0.45s[0m
2022.11.25 14:12:26 INFO  compiling aoc2023 (1 scala source)[0m
2022.11.25 14:12:26 INFO  time: compiled aoc2023 in 0.42s[0m
2022.11.25 14:12:28 INFO  compiling aoc2023 (1 scala source)[0m
2022.11.25 14:12:28 INFO  time: compiled aoc2023 in 0.36s[0m
2022.11.25 14:12:32 INFO  compiling aoc2023 (1 scala source)[0m
2022.11.25 14:12:32 INFO  time: compiled aoc2023 in 0.67s[0m
2022.11.25 14:12:35 INFO  compiling aoc2023 (1 scala source)[0m
2022.11.25 14:12:35 INFO  time: compiled aoc2023 in 0.22s[0m
2022.11.25 14:12:36 INFO  compiling aoc2023 (1 scala source)[0m
2022.11.25 14:12:36 INFO  time: compiled aoc2023 in 0.34s[0m
2022.11.25 14:12:44 INFO  compiling aoc2023 (1 scala source)[0m
2022.11.25 14:12:44 INFO  time: compiled aoc2023 in 0.14s[0m
2022.11.25 14:13:06 INFO  compiling aoc2023 (1 scala source)[0m
2022.11.25 14:13:06 INFO  time: compiled aoc2023 in 0.35s[0m
2022.11.25 14:13:19 INFO  compiling aoc2023 (1 scala source)[0m
2022.11.25 14:13:19 INFO  time: compiled aoc2023 in 0.38s[0m
2022.11.25 14:13:20 INFO  compiling aoc2023 (1 scala source)[0m
2022.11.25 14:13:20 INFO  time: compiled aoc2023 in 0.17s[0m
2022.11.25 14:13:32 INFO  compiling aoc2023 (1 scala source)[0m
2022.11.25 14:13:32 INFO  time: compiled aoc2023 in 0.55s[0m
2022.11.25 14:13:36 INFO  compiling aoc2023 (1 scala source)[0m
2022.11.25 14:13:36 INFO  time: compiled aoc2023 in 0.39s[0m
2022.11.25 14:13:38 INFO  compiling aoc2023 (1 scala source)[0m
2022.11.25 14:13:38 INFO  time: compiled aoc2023 in 0.31s[0m
2022.11.25 14:13:49 INFO  compiling aoc2023 (1 scala source)[0m
2022.11.25 14:13:49 INFO  time: compiled aoc2023 in 0.54s[0m
2022.11.25 14:13:54 INFO  compiling aoc2023 (1 scala source)[0m
2022.11.25 14:13:54 INFO  time: compiled aoc2023 in 0.23s[0m
2022.11.25 14:14:10 INFO  compiling aoc2023 (1 scala source)[0m
2022.11.25 14:14:10 INFO  time: compiled aoc2023 in 0.56s[0m
2022.11.25 14:14:18 INFO  compiling aoc2023 (1 scala source)[0m
2022.11.25 14:14:18 INFO  time: compiled aoc2023 in 0.26s[0m
2022.11.25 14:15:38 INFO  compiling aoc2023 (1 scala source)[0m
2022.11.25 14:15:38 INFO  time: compiled aoc2023 in 0.45s[0m
2022.11.25 14:15:55 INFO  compiling aoc2023 (1 scala source)[0m
2022.11.25 14:15:55 INFO  time: compiled aoc2023 in 0.45s[0m
2022.11.25 14:15:58 INFO  compiling aoc2023 (1 scala source)[0m
2022.11.25 14:15:58 INFO  time: compiled aoc2023 in 0.35s[0m
2022.11.25 14:15:59 WARN  Could not load snapshot text for /Users/katherine/Desktop/Personal/AOC2023/src/main/scala/Day01.scala[0m
2022.11.25 14:16:00 WARN  Could not load snapshot text for /Users/katherine/Desktop/Personal/AOC2023/src/main/scala/Day01.scala[0m
2022.11.25 14:16:00 INFO  compiling aoc2023 (1 scala source)[0m
2022.11.25 14:16:00 INFO  time: compiled aoc2023 in 0.2s[0m
2022.11.25 14:16:01 WARN  Could not load snapshot text for /Users/katherine/Desktop/Personal/AOC2023/src/main/scala/Day01.scala[0m
2022.11.25 14:16:02 WARN  Could not load snapshot text for /Users/katherine/Desktop/Personal/AOC2023/src/main/scala/Day01.scala[0m
2022.11.25 14:16:02 WARN  Could not load snapshot text for /Users/katherine/Desktop/Personal/AOC2023/src/main/scala/Day01.scala[0m
2022.11.25 14:16:02 INFO  compiling aoc2023 (1 scala source)[0m
2022.11.25 14:16:02 INFO  time: compiled aoc2023 in 0.57s[0m
2022.11.25 14:16:10 INFO  compiling aoc2023 (1 scala source)[0m
2022.11.25 14:16:10 INFO  time: compiled aoc2023 in 0.14s[0m
2022.11.25 14:17:22 INFO  compiling aoc2023 (1 scala source)[0m
2022.11.25 14:17:22 INFO  time: compiled aoc2023 in 0.59s[0m
2022.11.25 14:17:57 INFO  compiling aoc2023 (1 scala source)[0m
2022.11.25 14:17:57 INFO  time: compiled aoc2023 in 0.3s[0m
2022.11.25 14:20:17 INFO  compiling aoc2023 (1 scala source)[0m
2022.11.25 14:20:17 INFO  time: compiled aoc2023 in 0.31s[0m
2022.11.25 14:20:33 INFO  compiling aoc2023 (1 scala source)[0m
2022.11.25 14:20:33 INFO  time: compiled aoc2023 in 0.25s[0m
2022.11.25 14:20:36 INFO  compiling aoc2023 (1 scala source)[0m
2022.11.25 14:20:36 INFO  file:///Users/katherine/Desktop/Personal/AOC2023/src/main/scala/Day01.scala:13:48: stale bloop error: unclosed string literal
  println(s"Answer of day 01 - part 1: ${answer")
                                               ^[0m
2022.11.25 14:20:36 INFO  file:///Users/katherine/Desktop/Personal/AOC2023/src/main/scala/Day01.scala:13:48: stale bloop error: unclosed string literal
  println(s"Answer of day 01 - part 1: ${answer")
                                               ^[0m
2022.11.25 14:20:36 INFO  file:///Users/katherine/Desktop/Personal/AOC2023/src/main/scala/Day01.scala:7:3: stale bloop error: Not found: Day01Part2
  Day01Part2
  ^^^^^^^^^^[0m
2022.11.25 14:20:36 INFO  time: compiled aoc2023 in 0.14s[0m
2022.11.25 14:20:37 INFO  file:///Users/katherine/Desktop/Personal/AOC2023/src/main/scala/Day01.scala:13:48: stale bloop error: unclosed string literal
  println(s"Answer of day 01 - part 1: ${answer")
                                               ^[0m
2022.11.25 14:20:37 INFO  file:///Users/katherine/Desktop/Personal/AOC2023/src/main/scala/Day01.scala:7:3: stale bloop error: Not found: Day01Part2
  Day01Part2
  ^^^^^^^^^^[0m
2022.11.25 14:20:37 INFO  file:///Users/katherine/Desktop/Personal/AOC2023/src/main/scala/Day01.scala:13:48: stale bloop error: unclosed string literal
  println(s"Answer of day 01 - part 1: ${answer")
                                               ^[0m
2022.11.25 14:20:37 INFO  file:///Users/katherine/Desktop/Personal/AOC2023/src/main/scala/Day01.scala:7:3: stale bloop error: Not found: Day01Part2
  Day01Part2
  ^^^^^^^^^^[0m
2022.11.25 14:20:37 INFO  file:///Users/katherine/Desktop/Personal/AOC2023/src/main/scala/Day01.scala:13:48: stale bloop error: unclosed string literal
  println(s"Answer of day 01 - part 1: ${answer")
                                               ^[0m
2022.11.25 14:20:37 INFO  file:///Users/katherine/Desktop/Personal/AOC2023/src/main/scala/Day01.scala:7:3: stale bloop error: Not found: Day01Part2
  Day01Part2
  ^^^^^^^^^^[0m
2022.11.25 14:20:39 INFO  file:///Users/katherine/Desktop/Personal/AOC2023/src/main/scala/Day01.scala:13:48: stale bloop error: unclosed string literal
  println(s"Answer of day 01 - part 1: ${answer")
                                               ^[0m
2022.11.25 14:20:39 INFO  file:///Users/katherine/Desktop/Personal/AOC2023/src/main/scala/Day01.scala:7:3: stale bloop error: Not found: Day01Part2
  Day01Part2
  ^^^^^^^^^^[0m
2022.11.25 14:20:39 INFO  file:///Users/katherine/Desktop/Personal/AOC2023/src/main/scala/Day01.scala:13:48: stale bloop error: unclosed string literal
  println(s"Answer of day 01 - part 1: ${answer")
                                               ^[0m
2022.11.25 14:20:39 INFO  file:///Users/katherine/Desktop/Personal/AOC2023/src/main/scala/Day01.scala:7:3: stale bloop error: Not found: Day01Part2
  Day01Part2
  ^^^^^^^^^^[0m
2022.11.25 14:20:39 INFO  file:///Users/katherine/Desktop/Personal/AOC2023/src/main/scala/Day01.scala:13:48: stale bloop error: unclosed string literal
  println(s"Answer of day 01 - part 1: ${answer")
                                               ^[0m
2022.11.25 14:20:39 INFO  file:///Users/katherine/Desktop/Personal/AOC2023/src/main/scala/Day01.scala:7:3: stale bloop error: Not found: Day01Part2
  Day01Part2
  ^^^^^^^^^^[0m
2022.11.25 14:20:40 INFO  file:///Users/katherine/Desktop/Personal/AOC2023/src/main/scala/Day01.scala:13:48: stale bloop error: unclosed string literal
  println(s"Answer of day 01 - part 1: ${answer")
                                               ^[0m
2022.11.25 14:20:40 INFO  file:///Users/katherine/Desktop/Personal/AOC2023/src/main/scala/Day01.scala:7:3: stale bloop error: Not found: Day01Part2
  Day01Part2
  ^^^^^^^^^^[0m
2022.11.25 14:20:40 INFO  compiling aoc2023 (1 scala source)[0m
2022.11.25 14:20:40 INFO  time: compiled aoc2023 in 0.12s[0m
2022.11.25 14:20:58 INFO  compiling aoc2023 (1 scala source)[0m
2022.11.25 14:20:58 INFO  time: compiled aoc2023 in 0.3s[0m
2022.11.25 14:21:00 INFO  compiling aoc2023 (1 scala source)[0m
2022.11.25 14:21:00 INFO  time: compiled aoc2023 in 0.26s[0m
2022.11.25 14:21:03 INFO  compiling aoc2023 (1 scala source)[0m
2022.11.25 14:21:03 INFO  time: compiled aoc2023 in 0.27s[0m
2022.11.25 14:21:07 INFO  compiling aoc2023 (1 scala source)[0m
2022.11.25 14:21:07 INFO  time: compiled aoc2023 in 0.64s[0m
2022.11.25 14:21:09 INFO  compiling aoc2023 (1 scala source)[0m
2022.11.25 14:21:09 INFO  time: compiled aoc2023 in 0.51s[0m
Exception in thread "pool-6-thread-1" java.lang.InterruptedException
	at scala.meta.internal.metals.FutureCancelToken.checkCanceled(FutureCancelToken.scala:29)
	at scala.meta.internal.pc.CompilerAccess.onCompilerJobQueue$$anonfun$1(CompilerAccess.scala:195)
	at scala.meta.internal.pc.CompilerJobQueue$Job.run(CompilerJobQueue.scala:152)
	at java.base/java.util.concurrent.ThreadPoolExecutor.runWorker(ThreadPoolExecutor.java:1136)
	at java.base/java.util.concurrent.ThreadPoolExecutor$Worker.run(ThreadPoolExecutor.java:635)
	at java.base/java.lang.Thread.run(Thread.java:833)
2022.11.25 14:21:17 INFO  compiling aoc2023 (1 scala source)[0m
2022.11.25 14:21:17 INFO  time: compiled aoc2023 in 0.32s[0m
2022.11.25 14:21:42 INFO  compiling aoc2023 (1 scala source)[0m
2022.11.25 14:21:42 INFO  time: compiled aoc2023 in 0.23s[0m
2022.11.25 14:22:02 INFO  compiling aoc2023 (1 scala source)[0m
2022.11.25 14:22:02 INFO  time: compiled aoc2023 in 0.19s[0m
2022.11.25 14:22:03 INFO  compiling aoc2023 (1 scala source)[0m
2022.11.25 14:22:03 INFO  time: compiled aoc2023 in 0.22s[0m
2022.11.25 14:22:09 INFO  compiling aoc2023 (1 scala source)[0m
2022.11.25 14:22:09 INFO  time: compiled aoc2023 in 0.27s[0m
2022.11.25 14:22:40 INFO  compiling aoc2023 (1 scala source)[0m
2022.11.25 14:22:40 INFO  time: compiled aoc2023 in 0.3s[0m
2022.11.25 14:22:41 INFO  compiling aoc2023 (1 scala source)[0m
2022.11.25 14:22:41 INFO  time: compiled aoc2023 in 0.3s[0m
2022.11.25 14:22:44 INFO  compiling aoc2023 (1 scala source)[0m
2022.11.25 14:22:44 INFO  time: compiled aoc2023 in 0.13s[0m
2022.11.25 14:22:48 INFO  compiling aoc2023 (1 scala source)[0m
2022.11.25 14:22:48 INFO  time: compiled aoc2023 in 0.1s[0m
2022.11.25 14:22:53 INFO  compiling aoc2023 (1 scala source)[0m
2022.11.25 14:22:53 INFO  time: compiled aoc2023 in 0.8s[0m
2022.11.25 14:23:18 INFO  compiling aoc2023 (1 scala source)[0m
2022.11.25 14:23:18 INFO  time: compiled aoc2023 in 0.61s[0m
2022.11.25 14:23:20 INFO  compiling aoc2023 (1 scala source)[0m
2022.11.25 14:23:20 INFO  time: compiled aoc2023 in 0.3s[0m
2022.11.25 14:23:39 INFO  compiling aoc2023 (1 scala source)[0m
2022.11.25 14:23:39 INFO  time: compiled aoc2023 in 0.36s[0m
2022.11.25 14:25:00 INFO  compiling aoc2023 (1 scala source)[0m
2022.11.25 14:25:00 INFO  time: compiled aoc2023 in 0.89s[0m
2022.11.25 14:25:01 INFO  shutting down Metals[0m
2022.11.25 14:25:01 INFO  Shut down connection with build server.[0m
2022.11.25 14:25:01 INFO  Shut down connection with build server.[0m
2022.11.25 14:52:30 INFO  tracing is disabled for protocol LSP, to enable tracing of incoming and outgoing JSON messages create an empty file at /Users/katherine/Desktop/Personal/AOC2023/.metals/lsp.trace.json or /Users/katherine/Library/Caches/org.scalameta.metals/lsp.trace.json
2022.11.25 14:52:31 INFO  logging to file /Users/katherine/Desktop/Personal/AOC2023/.metals/metals.log
2022.11.25 14:52:31 INFO  Started: Metals version 0.11.9 in workspace '/Users/katherine/Desktop/Personal/AOC2023' for client Visual Studio Code 1.73.1.
2022.11.25 14:52:32 INFO  time: initialize in 1.68s
2022.11.25 14:52:37 INFO  Attempting to connect to the build server...
2022.11.25 14:52:37 INFO  Bloop uses /Users/katherine/Library/Java/JavaVirtualMachines/corretto-17.0.4.1/Contents/Home defined at /Users/katherine/.bloop/bloop.json
2022.11.25 14:52:38 INFO  skipping build import with status 'Installed'
2022.11.25 14:52:38 INFO  tracing is disabled for protocol BSP, to enable tracing of incoming and outgoing JSON messages create an empty file at /Users/katherine/Desktop/Personal/AOC2023/.metals/bsp.trace.json or /Users/katherine/Library/Caches/org.scalameta.metals/bsp.trace.json
2022.11.25 14:52:38 INFO  Attempting to connect to the build server...
2022.11.25 14:52:38 INFO  Bloop uses /Users/katherine/Library/Java/JavaVirtualMachines/corretto-17.0.4.1/Contents/Home defined at /Users/katherine/.bloop/bloop.json
2022.11.25 14:52:38 INFO  tracing is disabled for protocol BSP, to enable tracing of incoming and outgoing JSON messages create an empty file at /Users/katherine/Desktop/Personal/AOC2023/project/.metals/bsp.trace.json or /Users/katherine/Library/Caches/org.scalameta.metals/bsp.trace.json
2022.11.25 14:52:38 INFO  time: Connected to build server in 0.65s
2022.11.25 14:52:38 INFO  Connected to Build server: Bloop v1.5.4
2022.11.25 14:52:44 INFO  no build target found for /Users/katherine/Desktop/Personal/AOC2023/src/main/scala/Day01.scala. Using presentation compiler with project's scala-library version: 3.2.0
2022.11.25 14:52:44 INFO  time: code lens generation in 7.34s
2022.11.25 14:52:45 INFO  time: Imported build in 0.29s
2022.11.25 14:52:49 INFO  no build target found for /Users/katherine/Desktop/Personal/AOC2023/src/main/scala/Day01.scala. Using presentation compiler with project's scala-library version: 3.2.0
2022.11.25 14:52:50 ERROR Empty build targets. Expected at least one build target identifier.
2022.11.25 14:52:50 ERROR Empty build targets. Expected at least one build target identifier.
2022.11.25 14:52:51 ERROR Empty build targets. Expected at least one build target identifier.
2022.11.25 14:52:53 INFO  time: code lens generation in 9.94s
2022.11.25 14:52:53 ERROR Empty build targets. Expected at least one build target identifier.
2022.11.25 14:52:53 INFO  time: code lens generation in 2.12s
2022.11.25 14:52:53 INFO  time: code lens generation in 3.16s
2022.11.25 14:52:58 INFO  compiling aoc2023 (1 scala source)
2022.11.25 14:52:58 INFO  time: compiled aoc2023 in 0.26s
2022.11.25 14:53:06 INFO  time: indexed workspace in 20s
2022.11.25 14:53:06 INFO  compiling aoc2023 (1 scala source)
2022.11.25 14:53:06 INFO  time: compiled aoc2023 in 0.13s
2022.11.25 14:53:06 INFO  compiling aoc2023 (1 scala source)
2022.11.25 14:53:06 INFO  time: compiled aoc2023 in 0.16s
2022.11.25 14:53:07 INFO  compiling aoc2023 (1 scala source)
2022.11.25 14:53:07 INFO  time: compiled aoc2023 in 0.12s
2022.11.25 14:53:09 INFO  compiling aoc2023 (1 scala source)
2022.11.25 14:53:09 INFO  time: compiled aoc2023 in 0.12s
2022.11.25 14:53:11 INFO  compiling aoc2023 (1 scala source)
2022.11.25 14:53:11 INFO  time: compiled aoc2023 in 0.13s
2022.11.25 14:53:19 INFO  compiling aoc2023 (1 scala source)
2022.11.25 14:53:19 INFO  time: compiled aoc2023 in 0.47s
2022.11.25 14:53:21 INFO  compiling aoc2023 (1 scala source)
2022.11.25 14:53:21 INFO  time: compiled aoc2023 in 0.23s
2022.11.25 14:53:24 INFO  compiling aoc2023 (1 scala source)
2022.11.25 14:53:24 INFO  time: compiled aoc2023 in 0.33s
2022.11.25 14:53:29 INFO  compiling aoc2023 (1 scala source)
2022.11.25 14:53:29 INFO  time: compiled aoc2023 in 0.15s
2022.11.25 14:53:30 INFO  compiling aoc2023 (1 scala source)
2022.11.25 14:53:30 INFO  time: compiled aoc2023 in 0.15s
2022.11.25 14:53:33 INFO  compiling aoc2023 (1 scala source)
2022.11.25 14:53:33 INFO  time: compiled aoc2023 in 94ms
2022.11.25 14:53:35 INFO  compiling aoc2023 (1 scala source)
2022.11.25 14:53:35 INFO  time: compiled aoc2023 in 0.13s
2022.11.25 14:53:39 INFO  compiling aoc2023 (1 scala source)
2022.11.25 14:53:39 INFO  time: compiled aoc2023 in 0.38s
2022.11.25 14:53:42 INFO  compiling aoc2023 (1 scala source)
2022.11.25 14:53:42 INFO  time: compiled aoc2023 in 0.31s
2022.11.25 14:53:47 INFO  compiling aoc2023 (1 scala source)
2022.11.25 14:53:47 INFO  time: compiled aoc2023 in 87ms
2022.11.25 14:53:53 INFO  compiling aoc2023 (1 scala source)
2022.11.25 14:53:53 INFO  time: compiled aoc2023 in 0.14s
2022.11.25 14:57:48 INFO  compiling aoc2023 (1 scala source)
2022.11.25 14:57:48 INFO  time: compiled aoc2023 in 0.31s
2022.11.25 14:57:50 INFO  compiling aoc2023 (1 scala source)
2022.11.25 14:57:50 INFO  time: compiled aoc2023 in 0.37s
2022.11.25 14:57:53 INFO  compiling aoc2023 (1 scala source)
2022.11.25 14:57:53 INFO  time: compiled aoc2023 in 0.15s
2022.11.25 14:57:55 INFO  compiling aoc2023 (1 scala source)
2022.11.25 14:57:55 INFO  time: compiled aoc2023 in 0.15s
2022.11.25 14:58:01 INFO  compiling aoc2023 (1 scala source)
2022.11.25 14:58:01 INFO  time: compiled aoc2023 in 0.13s
2022.11.25 14:58:05 INFO  compiling aoc2023 (1 scala source)
2022.11.25 14:58:05 INFO  time: compiled aoc2023 in 0.13s
2022.11.25 15:19:51 INFO  compiling aoc2023 (1 scala source)
2022.11.25 15:19:51 INFO  time: compiled aoc2023 in 0.2s
2022.11.25 15:20:17 INFO  compiling aoc2023 (1 scala source)
2022.11.25 15:20:17 INFO  time: compiled aoc2023 in 0.17s
2022.11.25 15:20:18 INFO  compiling aoc2023 (1 scala source)
2022.11.25 15:20:18 INFO  time: compiled aoc2023 in 0.17s
2022.11.25 15:20:20 INFO  compiling aoc2023 (1 scala source)
2022.11.25 15:20:20 INFO  time: compiled aoc2023 in 0.11s
2022.11.25 15:20:27 INFO  compiling aoc2023 (1 scala source)
2022.11.25 15:20:27 INFO  time: compiled aoc2023 in 0.34s
2022.11.25 15:20:32 INFO  compiling aoc2023 (1 scala source)
2022.11.25 15:20:32 INFO  time: compiled aoc2023 in 0.44s
2022.11.25 15:20:35 INFO  compiling aoc2023 (1 scala source)
2022.11.25 15:20:35 INFO  time: compiled aoc2023 in 0.38s
2022.11.25 15:20:43 INFO  compiling aoc2023 (1 scala source)
2022.11.25 15:20:43 INFO  time: compiled aoc2023 in 0.49s
2022.11.25 15:20:48 INFO  compiling aoc2023 (1 scala source)
2022.11.25 15:20:48 INFO  time: compiled aoc2023 in 0.7s
2022.11.25 15:20:53 INFO  compiling aoc2023 (1 scala source)
2022.11.25 15:20:53 INFO  time: compiled aoc2023 in 0.16s
2022.11.25 15:20:57 INFO  compiling aoc2023 (1 scala source)
2022.11.25 15:20:57 INFO  time: compiled aoc2023 in 0.11s
2022.11.25 15:20:59 INFO  compiling aoc2023 (1 scala source)
2022.11.25 15:20:59 INFO  time: compiled aoc2023 in 0.13s
2022.11.25 15:21:05 INFO  file:///Users/katherine/Desktop/Personal/AOC2023/src/main/scala/Day01.scala:12:62: stale bloop error: 'then' expected, but ')' found
  val answer = input.sliding(1, 1).foreach((x, y) => if x < y)
                                                             ^
2022.11.25 15:21:05 INFO  file:///Users/katherine/Desktop/Personal/AOC2023/src/main/scala/Day01.scala:12:62: stale bloop error: 'then' expected, but ')' found
  val answer = input.sliding(1, 1).foreach((x, y) => if x < y)
                                                             ^
2022.11.25 15:21:06 INFO  compiling aoc2023 (1 scala source)
2022.11.25 15:21:06 INFO  time: compiled aoc2023 in 0.12s
2022.11.25 15:21:06 INFO  compiling aoc2023 (1 scala source)
2022.11.25 15:21:06 INFO  time: compiled aoc2023 in 0.12s
2022.11.25 15:21:16 INFO  compiling aoc2023 (1 scala source)
2022.11.25 15:21:16 INFO  time: compiled aoc2023 in 0.12s
2022.11.25 15:21:20 INFO  compiling aoc2023 (1 scala source)
2022.11.25 15:21:20 INFO  time: compiled aoc2023 in 0.45s
2022.11.25 15:21:25 INFO  compiling aoc2023 (1 scala source)
2022.11.25 15:21:25 INFO  time: compiled aoc2023 in 0.27s
2022.11.25 15:21:30 INFO  compiling aoc2023 (1 scala source)
2022.11.25 15:21:30 INFO  time: compiled aoc2023 in 0.16s
2022.11.25 15:21:34 INFO  compiling aoc2023 (1 scala source)
2022.11.25 15:21:34 INFO  time: compiled aoc2023 in 0.17s
2022.11.25 15:21:36 INFO  compiling aoc2023 (1 scala source)
2022.11.25 15:21:36 INFO  time: compiled aoc2023 in 0.15s
2022.11.25 15:21:38 INFO  compiling aoc2023 (1 scala source)
2022.11.25 15:21:38 INFO  time: compiled aoc2023 in 0.11s
2022.11.25 15:21:40 INFO  compiling aoc2023 (1 scala source)
2022.11.25 15:21:40 INFO  time: compiled aoc2023 in 92ms
2022.11.25 15:21:42 INFO  file:///Users/katherine/Desktop/Personal/AOC2023/src/main/scala/Day01.scala:12:65: stale bloop error: 'then' expected, but ')' found
  val answer = input.sliding(2, 1).foreach((x, y) => if (x < y) )
                                                                ^
2022.11.25 15:21:42 INFO  file:///Users/katherine/Desktop/Personal/AOC2023/src/main/scala/Day01.scala:12:65: stale bloop error: 'then' expected, but ')' found
  val answer = input.sliding(2, 1).foreach((x, y) => if (x < y) )
                                                                ^
2022.11.25 15:21:44 INFO  compiling aoc2023 (1 scala source)
2022.11.25 15:21:44 INFO  time: compiled aoc2023 in 87ms
2022.11.25 15:21:55 INFO  compiling aoc2023 (1 scala source)
2022.11.25 15:21:55 INFO  time: compiled aoc2023 in 0.34s
2022.11.25 15:21:57 INFO  file:///Users/katherine/Desktop/Personal/AOC2023/src/main/scala/Day01.scala:12:87: stale bloop error: expression expected but ')' found
  val answer = input.sliding(2, 1).foreach((x, y) => if (x < y) println("HELLO") else )
                                                                                      ^
2022.11.25 15:21:57 INFO  file:///Users/katherine/Desktop/Personal/AOC2023/src/main/scala/Day01.scala:12:87: stale bloop error: expression expected but ')' found
  val answer = input.sliding(2, 1).foreach((x, y) => if (x < y) println("HELLO") else )
                                                                                      ^
2022.11.25 15:21:59 INFO  compiling aoc2023 (1 scala source)
2022.11.25 15:21:59 INFO  time: compiled aoc2023 in 0.19s
2022.11.25 15:22:04 INFO  compiling aoc2023 (1 scala source)
2022.11.25 15:22:04 INFO  time: compiled aoc2023 in 0.15s
2022.11.25 15:22:11 INFO  compiling aoc2023 (1 scala source)
2022.11.25 15:22:11 INFO  time: compiled aoc2023 in 0.43s
2022.11.25 15:22:14 INFO  compiling aoc2023 (1 scala source)
2022.11.25 15:22:14 INFO  time: compiled aoc2023 in 0.35s
2022.11.25 15:22:17 INFO  compiling aoc2023 (1 scala source)
2022.11.25 15:22:17 INFO  time: compiled aoc2023 in 0.19s
2022.11.25 15:22:22 INFO  compiling aoc2023 (1 scala source)
2022.11.25 15:22:22 INFO  time: compiled aoc2023 in 0.21s
2022.11.25 15:22:26 INFO  compiling aoc2023 (1 scala source)
2022.11.25 15:22:26 INFO  time: compiled aoc2023 in 0.14s
2022.11.25 15:26:04 INFO  compiling aoc2023 (1 scala source)
2022.11.25 15:26:04 INFO  time: compiled aoc2023 in 0.13s
2022.11.25 15:26:13 INFO  compiling aoc2023 (1 scala source)
2022.11.25 15:26:13 INFO  time: compiled aoc2023 in 0.13s
2022.11.25 15:26:14 INFO  file:///Users/katherine/Desktop/Personal/AOC2023/src/main/scala/Day01.scala:12:44: stale bloop error: ')' expected, but number literal found
  val answer = input.sliding(2, 1).count((_.1 < _.2)
                                           ^
2022.11.25 15:26:14 INFO  file:///Users/katherine/Desktop/Personal/AOC2023/src/main/scala/Day01.scala:15:1: stale bloop error: ')' expected, but 'def' found
def Day01Part2 =
^^^
2022.11.25 15:26:14 INFO  file:///Users/katherine/Desktop/Personal/AOC2023/src/main/scala/Day01.scala:7:3: stale bloop error: Not found: Day01Part2
  Day01Part2
  ^^^^^^^^^^
2022.11.25 15:26:14 INFO  file:///Users/katherine/Desktop/Personal/AOC2023/src/main/scala/Day01.scala:12:44: stale bloop error: ')' expected, but number literal found
  val answer = input.sliding(2, 1).count((_.1 < _.2)
                                           ^
2022.11.25 15:26:14 INFO  file:///Users/katherine/Desktop/Personal/AOC2023/src/main/scala/Day01.scala:15:1: stale bloop error: ')' expected, but 'def' found
def Day01Part2 =
^^^
2022.11.25 15:26:14 INFO  file:///Users/katherine/Desktop/Personal/AOC2023/src/main/scala/Day01.scala:7:3: stale bloop error: Not found: Day01Part2
  Day01Part2
  ^^^^^^^^^^
2022.11.25 15:26:15 INFO  file:///Users/katherine/Desktop/Personal/AOC2023/src/main/scala/Day01.scala:12:44: stale bloop error: ')' expected, but number literal found
  val answer = input.sliding(2, 1).count((_.1 < _.2)
                                           ^
2022.11.25 15:26:15 INFO  file:///Users/katherine/Desktop/Personal/AOC2023/src/main/scala/Day01.scala:15:1: stale bloop error: ')' expected, but 'def' found
def Day01Part2 =
^^^
2022.11.25 15:26:15 INFO  file:///Users/katherine/Desktop/Personal/AOC2023/src/main/scala/Day01.scala:7:3: stale bloop error: Not found: Day01Part2
  Day01Part2
  ^^^^^^^^^^
2022.11.25 15:26:15 INFO  compiling aoc2023 (1 scala source)
2022.11.25 15:26:15 INFO  file:///Users/katherine/Desktop/Personal/AOC2023/src/main/scala/Day01.scala:12:44: stale bloop error: ')' expected, but number literal found
  val answer = input.sliding(2, 1).count((_.1 < _.2_)
                                           ^
2022.11.25 15:26:15 INFO  file:///Users/katherine/Desktop/Personal/AOC2023/src/main/scala/Day01.scala:12:44: stale bloop error: ')' expected, but number literal found
  val answer = input.sliding(2, 1).count((_.1 < _.2_)
                                           ^
2022.11.25 15:26:15 INFO  file:///Users/katherine/Desktop/Personal/AOC2023/src/main/scala/Day01.scala:12:52: stale bloop error: trailing separator is not allowed
  val answer = input.sliding(2, 1).count((_.1 < _.2_)
                                                   ^
2022.11.25 15:26:15 INFO  file:///Users/katherine/Desktop/Personal/AOC2023/src/main/scala/Day01.scala:15:1: stale bloop error: ')' expected, but 'def' found
def Day01Part2 =
^^^
2022.11.25 15:26:15 INFO  file:///Users/katherine/Desktop/Personal/AOC2023/src/main/scala/Day01.scala:7:3: stale bloop error: Not found: Day01Part2
  Day01Part2
  ^^^^^^^^^^
2022.11.25 15:26:15 INFO  time: compiled aoc2023 in 0.11s
2022.11.25 15:26:16 INFO  file:///Users/katherine/Desktop/Personal/AOC2023/src/main/scala/Day01.scala:12:44: stale bloop error: ')' expected, but number literal found
  val answer = input.sliding(2, 1).count((_.1 < _.2_)
                                           ^
2022.11.25 15:26:16 INFO  file:///Users/katherine/Desktop/Personal/AOC2023/src/main/scala/Day01.scala:12:52: stale bloop error: trailing separator is not allowed
  val answer = input.sliding(2, 1).count((_.1 < _.2_)
                                                   ^
2022.11.25 15:26:16 INFO  file:///Users/katherine/Desktop/Personal/AOC2023/src/main/scala/Day01.scala:15:1: stale bloop error: ')' expected, but 'def' found
def Day01Part2 =
^^^
2022.11.25 15:26:16 INFO  file:///Users/katherine/Desktop/Personal/AOC2023/src/main/scala/Day01.scala:7:3: stale bloop error: Not found: Day01Part2
  Day01Part2
  ^^^^^^^^^^
2022.11.25 15:26:15 INFO  file:///Users/katherine/Desktop/Personal/AOC2023/src/main/scala/Day01.scala:12:44: stale bloop error: ')' expected, but number literal found
  val answer = input.sliding(2, 1).count((_.1 < _.2_)
                                           ^
2022.11.25 15:26:15 INFO  file:///Users/katherine/Desktop/Personal/AOC2023/src/main/scala/Day01.scala:12:52: stale bloop error: trailing separator is not allowed
  val answer = input.sliding(2, 1).count((_.1 < _.2_)
                                                   ^
2022.11.25 15:26:15 INFO  file:///Users/katherine/Desktop/Personal/AOC2023/src/main/scala/Day01.scala:15:1: stale bloop error: ')' expected, but 'def' found
def Day01Part2 =
^^^
2022.11.25 15:26:15 INFO  file:///Users/katherine/Desktop/Personal/AOC2023/src/main/scala/Day01.scala:7:3: stale bloop error: Not found: Day01Part2
  Day01Part2
  ^^^^^^^^^^
2022.11.25 15:26:17 INFO  file:///Users/katherine/Desktop/Personal/AOC2023/src/main/scala/Day01.scala:12:44: stale bloop error: ')' expected, but number literal found
  val answer = input.sliding(2, 1).count((_.1 < _.2_)
                                           ^
2022.11.25 15:26:17 INFO  file:///Users/katherine/Desktop/Personal/AOC2023/src/main/scala/Day01.scala:12:52: stale bloop error: trailing separator is not allowed
  val answer = input.sliding(2, 1).count((_.1 < _.2_)
                                                   ^
2022.11.25 15:26:17 INFO  file:///Users/katherine/Desktop/Personal/AOC2023/src/main/scala/Day01.scala:15:1: stale bloop error: ')' expected, but 'def' found
def Day01Part2 =
^^^
2022.11.25 15:26:17 INFO  file:///Users/katherine/Desktop/Personal/AOC2023/src/main/scala/Day01.scala:7:3: stale bloop error: Not found: Day01Part2
  Day01Part2
  ^^^^^^^^^^
2022.11.25 15:26:17 INFO  compiling aoc2023 (1 scala source)
2022.11.25 15:26:17 INFO  file:///Users/katherine/Desktop/Personal/AOC2023/src/main/scala/Day01.scala:12:44: stale bloop error: ')' expected, but number literal found
  val answer = input.sliding(2, 1).count((_.1 < _.2_))
                                           ^
2022.11.25 15:26:17 INFO  file:///Users/katherine/Desktop/Personal/AOC2023/src/main/scala/Day01.scala:12:44: stale bloop error: ')' expected, but number literal found
  val answer = input.sliding(2, 1).count((_.1 < _.2_))
                                           ^
2022.11.25 15:26:17 INFO  file:///Users/katherine/Desktop/Personal/AOC2023/src/main/scala/Day01.scala:12:52: stale bloop error: trailing separator is not allowed
  val answer = input.sliding(2, 1).count((_.1 < _.2_))
                                                   ^
2022.11.25 15:26:17 INFO  file:///Users/katherine/Desktop/Personal/AOC2023/src/main/scala/Day01.scala:12:43: stale bloop error: Missing parameter type

I could not infer the type of the parameter _$1 of expanded function:
_$1 => input.sliding(2, 1).count((_$1)).
  val answer = input.sliding(2, 1).count((_.1 < _.2_))
                                          ^
2022.11.25 15:26:17 INFO  time: compiled aoc2023 in 0.14s
2022.11.25 15:26:19 INFO  file:///Users/katherine/Desktop/Personal/AOC2023/src/main/scala/Day01.scala:12:44: stale bloop error: ')' expected, but number literal found
  val answer = input.sliding(2, 1).count((_.1 < _.2_))
                                           ^
2022.11.25 15:26:19 INFO  file:///Users/katherine/Desktop/Personal/AOC2023/src/main/scala/Day01.scala:12:52: stale bloop error: trailing separator is not allowed
  val answer = input.sliding(2, 1).count((_.1 < _.2_))
                                                   ^
2022.11.25 15:26:19 INFO  file:///Users/katherine/Desktop/Personal/AOC2023/src/main/scala/Day01.scala:12:43: stale bloop error: Missing parameter type

I could not infer the type of the parameter _$1 of expanded function:
_$1 => input.sliding(2, 1).count((_$1)).
  val answer = input.sliding(2, 1).count((_.1 < _.2_))
                                          ^
2022.11.25 15:26:19 INFO  file:///Users/katherine/Desktop/Personal/AOC2023/src/main/scala/Day01.scala:12:44: stale bloop error: ')' expected, but number literal found
  val answer = input.sliding(2, 1).count((_.1 < _.2_))
                                           ^
2022.11.25 15:26:19 INFO  file:///Users/katherine/Desktop/Personal/AOC2023/src/main/scala/Day01.scala:12:52: stale bloop error: trailing separator is not allowed
  val answer = input.sliding(2, 1).count((_.1 < _.2_))
                                                   ^
2022.11.25 15:26:19 INFO  file:///Users/katherine/Desktop/Personal/AOC2023/src/main/scala/Day01.scala:12:43: stale bloop error: Missing parameter type

I could not infer the type of the parameter _$1 of expanded function:
_$1 => input.sliding(2, 1).count((_$1)).
  val answer = input.sliding(2, 1).count((_.1 < _.2_))
                                          ^
2022.11.25 15:26:19 INFO  file:///Users/katherine/Desktop/Personal/AOC2023/src/main/scala/Day01.scala:12:44: stale bloop error: ')' expected, but number literal found
  val answer = input.sliding(2, 1).count((_.1 < _.2_))
                                           ^
2022.11.25 15:26:19 INFO  file:///Users/katherine/Desktop/Personal/AOC2023/src/main/scala/Day01.scala:12:52: stale bloop error: trailing separator is not allowed
  val answer = input.sliding(2, 1).count((_.1 < _.2_))
                                                   ^
2022.11.25 15:26:19 INFO  file:///Users/katherine/Desktop/Personal/AOC2023/src/main/scala/Day01.scala:12:43: stale bloop error: Missing parameter type

I could not infer the type of the parameter _$1 of expanded function:
_$1 => input.sliding(2, 1).count((_$1)).
  val answer = input.sliding(2, 1).count((_.1 < _.2_))
                                          ^
2022.11.25 15:26:19 INFO  file:///Users/katherine/Desktop/Personal/AOC2023/src/main/scala/Day01.scala:12:44: stale bloop error: ')' expected, but number literal found
  val answer = input.sliding(2, 1).count((_.1 < _.2_))
                                           ^
2022.11.25 15:26:19 INFO  file:///Users/katherine/Desktop/Personal/AOC2023/src/main/scala/Day01.scala:12:52: stale bloop error: trailing separator is not allowed
  val answer = input.sliding(2, 1).count((_.1 < _.2_))
                                                   ^
2022.11.25 15:26:19 INFO  file:///Users/katherine/Desktop/Personal/AOC2023/src/main/scala/Day01.scala:12:43: stale bloop error: Missing parameter type

I could not infer the type of the parameter _$1 of expanded function:
_$1 => input.sliding(2, 1).count((_$1)).
  val answer = input.sliding(2, 1).count((_.1 < _.2_))
                                          ^
2022.11.25 15:26:19 INFO  file:///Users/katherine/Desktop/Personal/AOC2023/src/main/scala/Day01.scala:12:44: stale bloop error: ')' expected, but number literal found
  val answer = input.sliding(2, 1).count((_.1 < _.2_))
                                           ^
2022.11.25 15:26:19 INFO  file:///Users/katherine/Desktop/Personal/AOC2023/src/main/scala/Day01.scala:12:52: stale bloop error: trailing separator is not allowed
  val answer = input.sliding(2, 1).count((_.1 < _.2_))
                                                   ^
2022.11.25 15:26:19 INFO  file:///Users/katherine/Desktop/Personal/AOC2023/src/main/scala/Day01.scala:12:43: stale bloop error: Missing parameter type

I could not infer the type of the parameter _$1 of expanded function:
_$1 => input.sliding(2, 1).count((_$1)).
  val answer = input.sliding(2, 1).count((_.1 < _.2_))
                                          ^
2022.11.25 15:26:20 INFO  file:///Users/katherine/Desktop/Personal/AOC2023/src/main/scala/Day01.scala:12:44: stale bloop error: ')' expected, but number literal found
  val answer = input.sliding(2, 1).count((_.1 < _.2_))
                                           ^
2022.11.25 15:26:20 INFO  file:///Users/katherine/Desktop/Personal/AOC2023/src/main/scala/Day01.scala:12:52: stale bloop error: trailing separator is not allowed
  val answer = input.sliding(2, 1).count((_.1 < _.2_))
                                                   ^
2022.11.25 15:26:20 INFO  file:///Users/katherine/Desktop/Personal/AOC2023/src/main/scala/Day01.scala:12:43: stale bloop error: Missing parameter type

I could not infer the type of the parameter _$1 of expanded function:
_$1 => input.sliding(2, 1).count((_$1)).
  val answer = input.sliding(2, 1).count((_.1 < _.2_))
                                          ^
2022.11.25 15:26:21 INFO  compiling aoc2023 (1 scala source)
2022.11.25 15:26:21 INFO  file:///Users/katherine/Desktop/Personal/AOC2023/src/main/scala/Day01.scala:12:44: stale bloop error: ')' expected, but number literal found
  val answer = input.sliding(2, 1).count((_.1 < _.2_))
                                           ^
2022.11.25 15:26:21 INFO  file:///Users/katherine/Desktop/Personal/AOC2023/src/main/scala/Day01.scala:12:52: stale bloop error: trailing separator is not allowed
  val answer = input.sliding(2, 1).count((_.1 < _.2_))
                                                   ^
2022.11.25 15:26:21 INFO  file:///Users/katherine/Desktop/Personal/AOC2023/src/main/scala/Day01.scala:12:43: stale bloop error: Missing parameter type

I could not infer the type of the parameter _$1 of expanded function:
_$1 => input.sliding(2, 1).count((_$1)).
  val answer = input.sliding(2, 1).count((_.1 < _.2_))
                                          ^
2022.11.25 15:26:21 INFO  time: compiled aoc2023 in 89ms
2022.11.25 15:26:25 INFO  compiling aoc2023 (1 scala source)
2022.11.25 15:26:25 INFO  time: compiled aoc2023 in 0.32s
2022.11.25 15:26:35 INFO  compiling aoc2023 (1 scala source)
2022.11.25 15:26:35 INFO  time: compiled aoc2023 in 0.19s
2022.11.25 15:26:37 INFO  compiling aoc2023 (1 scala source)
2022.11.25 15:26:37 INFO  time: compiled aoc2023 in 0.15s
Nov 25, 2022 3:26:40 PM org.eclipse.lsp4j.jsonrpc.RemoteEndpoint handleCancellation
WARNING: Unmatched cancel notification for request id 1171
2022.11.25 15:26:42 INFO  compiling aoc2023 (1 scala source)
2022.11.25 15:26:42 INFO  time: compiled aoc2023 in 0.16s
2022.11.25 15:26:47 INFO  compiling aoc2023 (1 scala source)
2022.11.25 15:26:47 INFO  time: compiled aoc2023 in 0.13s
2022.11.25 15:27:05 INFO  compiling aoc2023 (1 scala source)
2022.11.25 15:27:05 INFO  time: compiled aoc2023 in 0.22s
2022.11.25 15:27:08 INFO  compiling aoc2023 (1 scala source)
2022.11.25 15:27:08 INFO  time: compiled aoc2023 in 0.13s
2022.11.25 15:27:27 INFO  compiling aoc2023 (1 scala source)
2022.11.25 15:27:27 INFO  time: compiled aoc2023 in 0.15s
2022.11.25 15:27:30 INFO  compiling aoc2023 (1 scala source)
2022.11.25 15:27:30 INFO  time: compiled aoc2023 in 0.13s
2022.11.25 15:27:36 INFO  compiling aoc2023 (1 scala source)
2022.11.25 15:27:36 INFO  time: compiled aoc2023 in 0.15s
2022.11.25 15:27:43 INFO  compiling aoc2023 (1 scala source)
2022.11.25 15:27:43 INFO  time: compiled aoc2023 in 0.37s
2022.11.25 15:27:46 INFO  compiling aoc2023 (1 scala source)
2022.11.25 15:27:46 INFO  time: compiled aoc2023 in 0.31s
2022.11.25 15:27:51 INFO  compiling aoc2023 (1 scala source)
2022.11.25 15:27:51 INFO  time: compiled aoc2023 in 0.37s
2022.11.25 15:27:54 INFO  compiling aoc2023 (1 scala source)
2022.11.25 15:27:54 INFO  time: compiled aoc2023 in 0.15s
2022.11.25 15:27:56 INFO  compiling aoc2023 (1 scala source)
2022.11.25 15:27:56 INFO  time: compiled aoc2023 in 0.15s
2022.11.25 15:27:59 INFO  compiling aoc2023 (1 scala source)
2022.11.25 15:27:59 INFO  time: compiled aoc2023 in 0.16s
2022.11.25 15:28:06 INFO  compiling aoc2023 (1 scala source)
2022.11.25 15:28:06 INFO  time: compiled aoc2023 in 0.13s
2022.11.25 15:28:09 INFO  compiling aoc2023 (1 scala source)
2022.11.25 15:28:09 INFO  time: compiled aoc2023 in 0.19s
2022.11.25 15:28:12 INFO  compiling aoc2023 (1 scala source)
2022.11.25 15:28:12 INFO  time: compiled aoc2023 in 0.13s
2022.11.25 15:28:18 INFO  compiling aoc2023 (1 scala source)
2022.11.25 15:28:18 INFO  time: compiled aoc2023 in 0.3s
2022.11.25 15:29:02 INFO  compiling aoc2023 (1 scala source)
2022.11.25 15:29:02 INFO  time: compiled aoc2023 in 0.43s
2022.11.25 15:29:05 INFO  compiling aoc2023 (1 scala source)
2022.11.25 15:29:05 INFO  time: compiled aoc2023 in 0.59s
2022.11.25 15:29:10 INFO  compiling aoc2023 (1 scala source)
2022.11.25 15:29:10 INFO  time: compiled aoc2023 in 0.15s
2022.11.25 15:29:12 INFO  compiling aoc2023 (1 scala source)
2022.11.25 15:29:12 INFO  time: compiled aoc2023 in 0.12s
Nov 25, 2022 3:29:14 PM org.eclipse.lsp4j.jsonrpc.RemoteEndpoint handleCancellation
WARNING: Unmatched cancel notification for request id 1547
2022.11.25 15:29:19 INFO  compiling aoc2023 (1 scala source)
2022.11.25 15:29:19 INFO  time: compiled aoc2023 in 0.41s
2022.11.25 15:29:20 INFO  compiling aoc2023 (1 scala source)
2022.11.25 15:29:20 INFO  time: compiled aoc2023 in 0.4s
2022.11.25 15:29:24 INFO  compiling aoc2023 (1 scala source)
2022.11.25 15:29:24 INFO  time: compiled aoc2023 in 0.32s
2022.11.25 15:29:28 INFO  compiling aoc2023 (1 scala source)
2022.11.25 15:29:28 INFO  time: compiled aoc2023 in 0.29s
2022.11.25 15:29:31 INFO  compiling aoc2023 (1 scala source)
2022.11.25 15:29:31 INFO  time: compiled aoc2023 in 0.72s
2022.11.25 15:29:45 INFO  compiling aoc2023 (1 scala source)
2022.11.25 15:29:45 INFO  time: compiled aoc2023 in 0.36s
2022.11.25 15:29:51 INFO  compiling aoc2023 (1 scala source)
2022.11.25 15:29:51 INFO  time: compiled aoc2023 in 0.31s
2022.11.25 15:29:53 INFO  compiling aoc2023 (1 scala source)
2022.11.25 15:29:53 INFO  time: compiled aoc2023 in 0.16s
2022.11.25 15:29:59 INFO  compiling aoc2023 (1 scala source)
2022.11.25 15:29:59 INFO  time: compiled aoc2023 in 0.14s
2022.11.25 15:30:37 INFO  compiling aoc2023 (1 scala source)
2022.11.25 15:30:37 INFO  time: compiled aoc2023 in 0.22s
Nov 25, 2022 3:30:40 PM scala.meta.internal.pc.CompilerAccess handleError
SEVERE: NoDenotation.owner
java.lang.AssertionError: NoDenotation.owner
	at dotty.tools.dotc.core.SymDenotations$NoDenotation$.owner(SymDenotations.scala:2511)
	at scala.meta.internal.pc.SignatureHelpProvider$.isValid(SignatureHelpProvider.scala:88)
	at scala.meta.internal.pc.SignatureHelpProvider$.notCurrentApply(SignatureHelpProvider.scala:101)
	at scala.meta.internal.pc.SignatureHelpProvider$.$anonfun$1(SignatureHelpProvider.scala:49)
	at scala.collection.StrictOptimizedLinearSeqOps.loop$3(LinearSeq.scala:280)
	at scala.collection.StrictOptimizedLinearSeqOps.dropWhile(LinearSeq.scala:282)
	at scala.collection.StrictOptimizedLinearSeqOps.dropWhile$(LinearSeq.scala:278)
	at scala.collection.immutable.List.dropWhile(List.scala:79)
	at scala.meta.internal.pc.SignatureHelpProvider$.signatureHelp(SignatureHelpProvider.scala:49)

2022.11.25 15:30:42 INFO  compiling aoc2023 (1 scala source)
2022.11.25 15:30:42 INFO  time: compiled aoc2023 in 0.32s
2022.11.25 15:30:44 INFO  compiling aoc2023 (1 scala source)
2022.11.25 15:30:44 INFO  time: compiled aoc2023 in 0.12s
2022.11.25 15:30:49 INFO  compiling aoc2023 (1 scala source)
2022.11.25 15:30:49 INFO  time: compiled aoc2023 in 0.16s
Nov 25, 2022 3:37:59 PM org.eclipse.lsp4j.jsonrpc.RemoteEndpoint handleCancellation
WARNING: Unmatched cancel notification for request id 1769
2022.11.25 15:38:19 INFO  compiling aoc2023 (1 scala source)
2022.11.25 15:38:19 INFO  time: compiled aoc2023 in 0.49s
2022.11.25 15:38:27 INFO  compiling aoc2023 (1 scala source)
2022.11.25 15:38:27 INFO  time: compiled aoc2023 in 0.37s
2022.11.25 15:38:30 INFO  compiling aoc2023 (1 scala source)
2022.11.25 15:38:30 INFO  time: compiled aoc2023 in 0.35s
2022.11.25 15:38:37 INFO  compiling aoc2023 (1 scala source)
2022.11.25 15:38:37 INFO  time: compiled aoc2023 in 0.14s
2022.11.25 15:38:40 INFO  compiling aoc2023 (1 scala source)
2022.11.25 15:38:40 INFO  time: compiled aoc2023 in 0.29s
2022.11.25 15:38:42 INFO  compiling aoc2023 (1 scala source)
2022.11.25 15:38:42 INFO  time: compiled aoc2023 in 0.14s
2022.11.25 15:38:48 INFO  compiling aoc2023 (1 scala source)
2022.11.25 15:38:48 INFO  time: compiled aoc2023 in 0.48s
2022.11.25 15:39:26 INFO  compiling aoc2023 (1 scala source)
2022.11.25 15:39:26 INFO  time: compiled aoc2023 in 0.27s
2022.11.25 15:51:01 INFO  compiling aoc2023 (1 scala source)
2022.11.25 15:51:01 INFO  time: compiled aoc2023 in 0.25s
2022.11.25 15:51:05 INFO  compiling aoc2023 (1 scala source)
2022.11.25 15:51:05 INFO  time: compiled aoc2023 in 0.34s
2022.11.25 15:51:10 INFO  compiling aoc2023 (1 scala source)
2022.11.25 15:51:10 INFO  time: compiled aoc2023 in 0.35s
2022.11.25 15:51:20 INFO  compiling aoc2023 (1 scala source)
2022.11.25 15:51:20 INFO  time: compiled aoc2023 in 0.15s
2022.11.25 15:51:23 INFO  compiling aoc2023 (1 scala source)
2022.11.25 15:51:23 INFO  time: compiled aoc2023 in 0.12s
2022.11.25 15:51:25 INFO  compiling aoc2023 (1 scala source)
2022.11.25 15:51:25 INFO  time: compiled aoc2023 in 0.12s
2022.11.25 15:51:30 INFO  compiling aoc2023 (1 scala source)
2022.11.25 15:51:30 INFO  time: compiled aoc2023 in 0.12s
Nov 25, 2022 3:51:37 PM org.eclipse.lsp4j.jsonrpc.RemoteEndpoint handleCancellation
WARNING: Unmatched cancel notification for request id 2136
2022.11.25 15:51:38 INFO  compiling aoc2023 (1 scala source)
2022.11.25 15:51:38 INFO  time: compiled aoc2023 in 0.31s
2022.11.25 15:51:46 INFO  compiling aoc2023 (1 scala source)
2022.11.25 15:51:46 INFO  time: compiled aoc2023 in 0.14s
2022.11.25 15:51:50 INFO  compiling aoc2023 (1 scala source)
2022.11.25 15:51:50 INFO  time: compiled aoc2023 in 0.12s
2022.11.25 15:51:51 INFO  compiling aoc2023 (1 scala source)
2022.11.25 15:51:51 INFO  compiling aoc2023 (1 scala source)
2022.11.25 15:51:51 INFO  time: compiled aoc2023 in 37ms
2022.11.25 15:52:22 INFO  compiling aoc2023 (1 scala source)
2022.11.25 15:52:22 INFO  time: compiled aoc2023 in 0.66s
2022.11.25 15:53:25 INFO  compiling aoc2023 (1 scala source)
2022.11.25 15:53:25 INFO  time: compiled aoc2023 in 0.45s
2022.11.25 15:53:30 INFO  compiling aoc2023 (1 scala source)
2022.11.25 15:53:30 INFO  time: compiled aoc2023 in 0.17s
2022.11.25 15:53:32 INFO  compiling aoc2023 (1 scala source)
2022.11.25 15:53:32 INFO  time: compiled aoc2023 in 0.15s
2022.11.25 15:53:43 INFO  compiling aoc2023 (1 scala source)
2022.11.25 15:53:43 INFO  time: compiled aoc2023 in 0.27s
2022.11.25 15:53:45 INFO  compiling aoc2023 (1 scala source)
2022.11.25 15:53:45 INFO  time: compiled aoc2023 in 0.53s
2022.11.25 15:53:50 INFO  compiling aoc2023 (1 scala source)
2022.11.25 15:53:50 INFO  time: compiled aoc2023 in 0.61s
2022.11.25 15:53:54 INFO  compiling aoc2023 (1 scala source)
2022.11.25 15:53:54 INFO  time: compiled aoc2023 in 0.24s
2022.11.25 15:53:54 INFO  compiling aoc2023 (1 scala source)
2022.11.25 15:53:55 INFO  time: compiled aoc2023 in 0.28s
Nov 25, 2022 3:53:57 PM org.eclipse.lsp4j.jsonrpc.RemoteEndpoint handleCancellation
WARNING: Unmatched cancel notification for request id 2346
2022.11.25 15:54:00 INFO  compiling aoc2023 (1 scala source)
2022.11.25 15:54:00 INFO  time: compiled aoc2023 in 0.31s
2022.11.25 15:54:01 WARN  Could not load snapshot text for /Users/katherine/Desktop/Personal/AOC2023/src/main/scala/Day01.scala
2022.11.25 15:54:02 INFO  compiling aoc2023 (1 scala source)
2022.11.25 15:54:02 INFO  time: compiled aoc2023 in 0.28s
2022.11.25 15:54:02 WARN  Could not load snapshot text for /Users/katherine/Desktop/Personal/AOC2023/src/main/scala/Day01.scala
2022.11.25 15:54:03 WARN  Could not load snapshot text for /Users/katherine/Desktop/Personal/AOC2023/src/main/scala/Day01.scala
2022.11.25 15:54:04 WARN  Could not load snapshot text for /Users/katherine/Desktop/Personal/AOC2023/src/main/scala/Day01.scala
2022.11.25 15:54:04 INFO  compiling aoc2023 (1 scala source)
2022.11.25 15:54:04 INFO  time: compiled aoc2023 in 0.28s
2022.11.25 15:56:07 INFO  compiling aoc2023 (1 scala source)
2022.11.25 15:56:07 INFO  time: compiled aoc2023 in 0.43s
2022.11.25 15:56:12 INFO  compiling aoc2023 (1 scala source)
2022.11.25 15:56:12 INFO  time: compiled aoc2023 in 0.18s
2022.11.25 15:56:12 WARN  Could not load snapshot text for /Users/katherine/Desktop/Personal/AOC2023/src/main/scala/Day01.scala
2022.11.25 15:56:15 WARN  Could not load snapshot text for /Users/katherine/Desktop/Personal/AOC2023/src/main/scala/Day01.scala
2022.11.25 15:56:15 WARN  Could not load snapshot text for /Users/katherine/Desktop/Personal/AOC2023/src/main/scala/Day01.scala
2022.11.25 15:56:16 INFO  compiling aoc2023 (1 scala source)
2022.11.25 15:56:16 INFO  time: compiled aoc2023 in 0.26s
2022.11.25 15:56:18 INFO  compiling aoc2023 (1 scala source)
2022.11.25 15:56:18 INFO  time: compiled aoc2023 in 0.15s
2022.11.25 15:56:20 INFO  file:///Users/katherine/Desktop/Personal/AOC2023/src/main/scala/Day01.scala:16:55: stale bloop error: expression expected but ')' found
  val answer = input.sliding(3, 1).count(l => l.sum < )
                                                      ^
2022.11.25 15:56:20 INFO  file:///Users/katherine/Desktop/Personal/AOC2023/src/main/scala/Day01.scala:16:47: stale bloop error: None of the overloaded alternatives of method < in class Int with types
 (x: Double): Boolean
 (x: Float): Boolean
 (x: Long): Boolean
 (x: Int): Boolean
 (x: Char): Boolean
 (x: Short): Boolean
 (x: Byte): Boolean
match arguments (Null)
  val answer = input.sliding(3, 1).count(l => l.sum < )
                                              ^^^^^^^
2022.11.25 15:56:20 INFO  file:///Users/katherine/Desktop/Personal/AOC2023/src/main/scala/Day01.scala:16:55: stale bloop error: expression expected but ')' found
  val answer = input.sliding(3, 1).count(l => l.sum < )
                                                      ^
2022.11.25 15:56:20 INFO  file:///Users/katherine/Desktop/Personal/AOC2023/src/main/scala/Day01.scala:16:47: stale bloop error: None of the overloaded alternatives of method < in class Int with types
 (x: Double): Boolean
 (x: Float): Boolean
 (x: Long): Boolean
 (x: Int): Boolean
 (x: Char): Boolean
 (x: Short): Boolean
 (x: Byte): Boolean
match arguments (Null)
  val answer = input.sliding(3, 1).count(l => l.sum < )
                                              ^^^^^^^
2022.11.25 15:56:21 INFO  compiling aoc2023 (1 scala source)
2022.11.25 15:56:21 INFO  time: compiled aoc2023 in 0.18s
2022.11.25 15:56:24 INFO  compiling aoc2023 (1 scala source)
2022.11.25 15:56:24 INFO  time: compiled aoc2023 in 0.34s
2022.11.25 15:56:54 INFO  compiling aoc2023 (1 scala source)
2022.11.25 15:56:54 INFO  time: compiled aoc2023 in 0.28s
2022.11.25 15:56:57 INFO  compiling aoc2023 (1 scala source)
2022.11.25 15:56:57 INFO  time: compiled aoc2023 in 0.2s
2022.11.25 15:57:00 INFO  compiling aoc2023 (1 scala source)
2022.11.25 15:57:00 INFO  time: compiled aoc2023 in 0.18s
2022.11.25 15:57:06 INFO  compiling aoc2023 (1 scala source)
2022.11.25 15:57:06 INFO  time: compiled aoc2023 in 0.36s
2022.11.25 15:57:13 INFO  compiling aoc2023 (1 scala source)
2022.11.25 15:57:13 INFO  time: compiled aoc2023 in 0.41s
2022.11.25 15:57:15 INFO  compiling aoc2023 (1 scala source)
2022.11.25 15:57:15 INFO  time: compiled aoc2023 in 0.14s
2022.11.25 15:57:17 INFO  compiling aoc2023 (1 scala source)
2022.11.25 15:57:17 INFO  time: compiled aoc2023 in 0.4s
2022.11.25 16:10:06 INFO  compiling aoc2023 (1 scala source)
2022.11.25 16:10:06 INFO  time: compiled aoc2023 in 0.5s
2022.11.25 16:28:16 INFO  compiling aoc2023 (1 scala source)
2022.11.25 16:28:16 INFO  time: compiled aoc2023 in 0.5s
2022.11.25 16:28:16 INFO  compiling aoc2023 (1 scala source)
2022.11.25 16:28:16 INFO  time: compiled aoc2023 in 0.3s
2022.11.25 16:28:20 INFO  compiling aoc2023 (1 scala source)
2022.11.25 16:28:20 INFO  time: compiled aoc2023 in 0.27s
2022.11.25 16:28:26 INFO  compiling aoc2023 (1 scala source)
2022.11.25 16:28:26 INFO  time: compiled aoc2023 in 0.15s
2022.11.25 16:28:31 INFO  compiling aoc2023 (1 scala source)
2022.11.25 16:28:31 INFO  time: compiled aoc2023 in 0.32s
2022.11.25 16:29:39 INFO  compiling aoc2023 (1 scala source)
2022.11.25 16:29:39 INFO  time: compiled aoc2023 in 0.14s
2022.11.25 16:29:43 INFO  compiling aoc2023 (1 scala source)
2022.11.25 16:29:43 INFO  time: compiled aoc2023 in 0.16s
2022.11.25 16:29:45 INFO  compiling aoc2023 (1 scala source)
2022.11.25 16:29:45 INFO  time: compiled aoc2023 in 98ms
2022.11.25 16:29:53 INFO  compiling aoc2023 (1 scala source)
2022.11.25 16:29:53 INFO  time: compiled aoc2023 in 0.12s
2022.11.25 16:29:54 INFO  compiling aoc2023 (1 scala source)
2022.11.25 16:29:54 INFO  time: compiled aoc2023 in 0.13s
2022.11.25 16:29:58 INFO  compiling aoc2023 (1 scala source)
2022.11.25 16:29:58 INFO  time: compiled aoc2023 in 0.12s
2022.11.25 16:30:00 INFO  compiling aoc2023 (1 scala source)
2022.11.25 16:30:00 INFO  time: compiled aoc2023 in 0.16s
2022.11.25 16:30:02 INFO  compiling aoc2023 (1 scala source)
2022.11.25 16:30:02 INFO  time: compiled aoc2023 in 0.3s
2022.11.25 16:30:04 INFO  compiling aoc2023 (1 scala source)
2022.11.25 16:30:04 INFO  time: compiled aoc2023 in 0.14s
2022.11.25 16:53:06 INFO  compiling aoc2023 (1 scala source)
2022.11.25 16:53:06 INFO  time: compiled aoc2023 in 0.2s
2022.11.25 16:53:08 INFO  compiling aoc2023 (1 scala source)
2022.11.25 16:53:08 INFO  time: compiled aoc2023 in 0.12s
2022.11.25 16:53:10 INFO  compiling aoc2023 (1 scala source)
2022.11.25 16:53:10 INFO  time: compiled aoc2023 in 0.12s
2022.11.25 16:53:15 INFO  compiling aoc2023 (1 scala source)
2022.11.25 16:53:15 INFO  time: compiled aoc2023 in 0.13s
2022.11.25 16:53:20 INFO  compiling aoc2023 (1 scala source)
2022.11.25 16:53:20 INFO  time: compiled aoc2023 in 0.32s
2022.11.25 16:53:28 INFO  compiling aoc2023 (1 scala source)
2022.11.25 16:53:28 INFO  time: compiled aoc2023 in 0.13s
2022.11.25 16:53:28 WARN  Could not load snapshot text for /Users/katherine/Desktop/Personal/AOC2023/src/main/scala/Day01.scala
2022.11.25 16:53:29 WARN  Could not load snapshot text for /Users/katherine/Desktop/Personal/AOC2023/src/main/scala/Day01.scala
2022.11.25 16:53:29 WARN  Could not load snapshot text for /Users/katherine/Desktop/Personal/AOC2023/src/main/scala/Day01.scala
2022.11.25 16:53:30 WARN  Could not load snapshot text for /Users/katherine/Desktop/Personal/AOC2023/src/main/scala/Day01.scala
2022.11.25 16:53:31 INFO  compiling aoc2023 (1 scala source)
2022.11.25 16:53:31 INFO  time: compiled aoc2023 in 0.14s
2022.11.25 16:53:32 WARN  Could not load snapshot text for /Users/katherine/Desktop/Personal/AOC2023/src/main/scala/Day01.scala
2022.11.25 16:53:32 WARN  Could not load snapshot text for /Users/katherine/Desktop/Personal/AOC2023/src/main/scala/Day01.scala
2022.11.25 16:53:34 WARN  Could not load snapshot text for /Users/katherine/Desktop/Personal/AOC2023/src/main/scala/Day01.scala
2022.11.25 16:53:34 WARN  Could not load snapshot text for /Users/katherine/Desktop/Personal/AOC2023/src/main/scala/Day01.scala
2022.11.25 16:53:35 WARN  Could not load snapshot text for /Users/katherine/Desktop/Personal/AOC2023/src/main/scala/Day01.scala
2022.11.25 16:53:36 WARN  Could not load snapshot text for /Users/katherine/Desktop/Personal/AOC2023/src/main/scala/Day01.scala
2022.11.25 16:53:37 WARN  Could not load snapshot text for /Users/katherine/Desktop/Personal/AOC2023/src/main/scala/Day01.scala
2022.11.25 16:53:37 WARN  Could not load snapshot text for /Users/katherine/Desktop/Personal/AOC2023/src/main/scala/Day01.scala
2022.11.25 16:53:38 WARN  Could not load snapshot text for /Users/katherine/Desktop/Personal/AOC2023/src/main/scala/Day01.scala
2022.11.25 16:53:38 WARN  Could not load snapshot text for /Users/katherine/Desktop/Personal/AOC2023/src/main/scala/Day01.scala
2022.11.25 16:53:39 WARN  Could not load snapshot text for /Users/katherine/Desktop/Personal/AOC2023/src/main/scala/Day01.scala
2022.11.25 16:53:40 WARN  Could not load snapshot text for /Users/katherine/Desktop/Personal/AOC2023/src/main/scala/Day01.scala
2022.11.25 16:53:40 WARN  Could not load snapshot text for /Users/katherine/Desktop/Personal/AOC2023/src/main/scala/Day01.scala
2022.11.25 16:53:40 WARN  Could not load snapshot text for /Users/katherine/Desktop/Personal/AOC2023/src/main/scala/Day01.scala
2022.11.25 16:53:40 WARN  Could not load snapshot text for /Users/katherine/Desktop/Personal/AOC2023/src/main/scala/Day01.scala
2022.11.25 16:53:42 WARN  Could not load snapshot text for /Users/katherine/Desktop/Personal/AOC2023/src/main/scala/Day01.scala
2022.11.25 16:53:43 INFO  compiling aoc2023 (1 scala source)
2022.11.25 16:53:43 INFO  time: compiled aoc2023 in 0.29s
2022.11.25 16:53:43 WARN  Could not load snapshot text for /Users/katherine/Desktop/Personal/AOC2023/src/main/scala/Day01.scala
2022.11.25 16:53:46 WARN  Could not load snapshot text for /Users/katherine/Desktop/Personal/AOC2023/src/main/scala/Day01.scala
2022.11.25 16:53:46 WARN  Could not load snapshot text for /Users/katherine/Desktop/Personal/AOC2023/src/main/scala/Day01.scala
2022.11.25 16:53:46 WARN  Could not load snapshot text for /Users/katherine/Desktop/Personal/AOC2023/src/main/scala/Day01.scala
2022.11.25 16:53:47 INFO  compiling aoc2023 (1 scala source)
2022.11.25 16:53:47 INFO  time: compiled aoc2023 in 0.27s
2022.11.25 16:53:48 WARN  Could not load snapshot text for /Users/katherine/Desktop/Personal/AOC2023/src/main/scala/Day01.scala
2022.11.25 16:54:09 WARN  Could not load snapshot text for /Users/katherine/Desktop/Personal/AOC2023/src/main/scala/Day01.scala
2022.11.25 16:54:10 INFO  compiling aoc2023 (1 scala source)
2022.11.25 16:54:10 INFO  time: compiled aoc2023 in 0.3s
2022.11.25 16:54:11 WARN  Could not load snapshot text for /Users/katherine/Desktop/Personal/AOC2023/src/main/scala/Day01.scala
2022.11.25 16:54:11 INFO  compiling aoc2023 (1 scala source)
2022.11.25 16:54:11 INFO  time: compiled aoc2023 in 0.24s
2022.11.25 16:54:12 WARN  Could not load snapshot text for /Users/katherine/Desktop/Personal/AOC2023/src/main/scala/Day01.scala
2022.11.25 16:54:14 WARN  Could not load snapshot text for /Users/katherine/Desktop/Personal/AOC2023/src/main/scala/Day01.scala
2022.11.25 16:54:14 WARN  Could not load snapshot text for /Users/katherine/Desktop/Personal/AOC2023/src/main/scala/Day01.scala
2022.11.25 16:54:14 WARN  Could not load snapshot text for /Users/katherine/Desktop/Personal/AOC2023/src/main/scala/Day01.scala
2022.11.25 16:54:15 WARN  Could not load snapshot text for /Users/katherine/Desktop/Personal/AOC2023/src/main/scala/Day01.scala
2022.11.25 16:54:16 WARN  Could not load snapshot text for /Users/katherine/Desktop/Personal/AOC2023/src/main/scala/Day01.scala
2022.11.25 16:54:16 WARN  Could not load snapshot text for /Users/katherine/Desktop/Personal/AOC2023/src/main/scala/Day01.scala
2022.11.25 16:54:17 WARN  Could not load snapshot text for /Users/katherine/Desktop/Personal/AOC2023/src/main/scala/Day01.scala
2022.11.25 16:54:18 WARN  Could not load snapshot text for /Users/katherine/Desktop/Personal/AOC2023/src/main/scala/Day01.scala
2022.11.25 16:54:18 WARN  Could not load snapshot text for /Users/katherine/Desktop/Personal/AOC2023/src/main/scala/Day01.scala
2022.11.25 16:54:19 WARN  Could not load snapshot text for /Users/katherine/Desktop/Personal/AOC2023/src/main/scala/Day01.scala
2022.11.25 16:54:20 WARN  Could not load snapshot text for /Users/katherine/Desktop/Personal/AOC2023/src/main/scala/Day01.scala
2022.11.25 16:54:20 WARN  Could not load snapshot text for /Users/katherine/Desktop/Personal/AOC2023/src/main/scala/Day01.scala
2022.11.25 16:54:21 WARN  Could not load snapshot text for /Users/katherine/Desktop/Personal/AOC2023/src/main/scala/Day01.scala
2022.11.25 16:54:21 WARN  Could not load snapshot text for /Users/katherine/Desktop/Personal/AOC2023/src/main/scala/Day01.scala
2022.11.25 16:54:21 WARN  Could not load snapshot text for /Users/katherine/Desktop/Personal/AOC2023/src/main/scala/Day01.scala
2022.11.25 16:54:21 WARN  Could not load snapshot text for /Users/katherine/Desktop/Personal/AOC2023/src/main/scala/Day01.scala
2022.11.25 16:54:22 WARN  Could not load snapshot text for /Users/katherine/Desktop/Personal/AOC2023/src/main/scala/Day01.scala
2022.11.25 16:54:23 INFO  compiling aoc2023 (1 scala source)
2022.11.25 16:54:23 INFO  time: compiled aoc2023 in 0.15s
2022.11.25 16:54:23 WARN  Could not load snapshot text for /Users/katherine/Desktop/Personal/AOC2023/src/main/scala/Day01.scala
2022.11.25 16:54:24 WARN  Could not load snapshot text for /Users/katherine/Desktop/Personal/AOC2023/src/main/scala/Day01.scala
2022.11.25 16:54:24 WARN  Could not load snapshot text for /Users/katherine/Desktop/Personal/AOC2023/src/main/scala/Day01.scala
2022.11.25 16:54:25 WARN  Could not load snapshot text for /Users/katherine/Desktop/Personal/AOC2023/src/main/scala/Day01.scala
2022.11.25 16:54:25 WARN  Could not load snapshot text for /Users/katherine/Desktop/Personal/AOC2023/src/main/scala/Day01.scala
2022.11.25 16:54:26 INFO  compiling aoc2023 (1 scala source)
2022.11.25 16:54:27 WARN  Could not load snapshot text for /Users/katherine/Desktop/Personal/AOC2023/src/main/scala/Day01.scala
2022.11.25 16:54:26 INFO  time: compiled aoc2023 in 0.51s
2022.11.25 16:54:29 INFO  compiling aoc2023 (1 scala source)
2022.11.25 16:54:29 INFO  time: compiled aoc2023 in 0.56s
2022.11.25 16:54:29 INFO  compiling aoc2023 (1 scala source)
2022.11.25 16:54:30 INFO  time: compiled aoc2023 in 0.49s
Nov 25, 2022 4:54:35 PM org.eclipse.lsp4j.jsonrpc.RemoteEndpoint handleCancellation
WARNING: Unmatched cancel notification for request id 3235
2022.11.25 16:54:36 INFO  compiling aoc2023 (1 scala source)
2022.11.25 16:54:36 INFO  time: compiled aoc2023 in 0.46s
2022.11.25 16:54:40 INFO  compiling aoc2023 (1 scala source)
2022.11.25 16:54:40 INFO  time: compiled aoc2023 in 0.52s
2022.11.25 16:54:42 INFO  compiling aoc2023 (1 scala source)
2022.11.25 16:54:42 INFO  time: compiled aoc2023 in 0.32s
2022.11.25 16:54:45 INFO  compiling aoc2023 (1 scala source)
2022.11.25 16:54:45 INFO  time: compiled aoc2023 in 0.3s
2022.11.25 16:54:47 INFO  compiling aoc2023 (1 scala source)
2022.11.25 16:54:47 INFO  time: compiled aoc2023 in 0.35s
2022.11.25 16:54:51 INFO  compiling aoc2023 (1 scala source)
2022.11.25 16:54:51 INFO  time: compiled aoc2023 in 0.27s
2022.11.25 16:54:57 INFO  compiling aoc2023 (1 scala source)
2022.11.25 16:54:57 INFO  time: compiled aoc2023 in 0.23s
2022.11.25 16:55:03 INFO  compiling aoc2023 (1 scala source)
2022.11.25 16:55:03 INFO  time: compiled aoc2023 in 0.12s
2022.11.25 16:55:05 INFO  compiling aoc2023 (1 scala source)
2022.11.25 16:55:05 INFO  time: compiled aoc2023 in 0.25s
2022.11.25 16:55:07 INFO  compiling aoc2023 (1 scala source)
2022.11.25 16:55:07 INFO  time: compiled aoc2023 in 0.37s
2022.11.25 16:55:08 INFO  compiling aoc2023 (1 scala source)
2022.11.25 16:55:08 INFO  time: compiled aoc2023 in 0.36s
2022.11.25 16:55:14 INFO  compiling aoc2023 (1 scala source)
2022.11.25 16:55:14 INFO  time: compiled aoc2023 in 0.29s
2022.11.25 16:55:18 INFO  compiling aoc2023 (1 scala source)
2022.11.25 16:55:18 INFO  time: compiled aoc2023 in 0.15s
2022.11.25 16:55:20 INFO  compiling aoc2023 (1 scala source)
2022.11.25 16:55:20 INFO  time: compiled aoc2023 in 0.13s
Exception in thread "pool-4-thread-1" java.lang.InterruptedException
	at scala.meta.internal.metals.FutureCancelToken.checkCanceled(FutureCancelToken.scala:29)
	at scala.meta.internal.pc.CompilerAccess.onCompilerJobQueue$$anonfun$1(CompilerAccess.scala:195)
	at scala.meta.internal.pc.CompilerJobQueue$Job.run(CompilerJobQueue.scala:152)
	at java.base/java.util.concurrent.ThreadPoolExecutor.runWorker(ThreadPoolExecutor.java:1136)
	at java.base/java.util.concurrent.ThreadPoolExecutor$Worker.run(ThreadPoolExecutor.java:635)
	at java.base/java.lang.Thread.run(Thread.java:833)
2022.11.25 16:55:23 INFO  compiling aoc2023 (1 scala source)
2022.11.25 16:55:23 INFO  Deduplicating compilation of aoc2023 from bsp client 'Metals 0.11.9' (since 2h 2m 45.298s)
2022.11.25 16:55:23 INFO  compiling aoc2023 (1 scala source)
2022.11.25 16:55:23 INFO  time: compiled aoc2023 in 0.21s
2022.11.25 16:55:37 INFO  compiling aoc2023 (1 scala source)
2022.11.25 16:55:37 INFO  time: compiled aoc2023 in 0.59s
2022.11.25 16:55:40 INFO  compiling aoc2023 (1 scala source)
2022.11.25 16:55:40 INFO  time: compiled aoc2023 in 0.42s
2022.11.25 16:55:44 INFO  compiling aoc2023 (1 scala source)
2022.11.25 16:55:44 INFO  time: compiled aoc2023 in 0.27s
2022.11.25 16:55:48 INFO  compiling aoc2023 (1 scala source)
2022.11.25 16:55:48 INFO  time: compiled aoc2023 in 0.26s
2022.11.25 16:56:46 INFO  compiling aoc2023 (1 scala source)
2022.11.25 16:56:46 INFO  time: compiled aoc2023 in 0.29s
2022.11.25 16:56:50 INFO  compiling aoc2023 (1 scala source)
2022.11.25 16:56:50 INFO  time: compiled aoc2023 in 0.29s
2022.11.25 16:56:53 INFO  compiling aoc2023 (1 scala source)
2022.11.25 16:56:53 INFO  time: compiled aoc2023 in 0.28s
2022.11.25 16:56:54 INFO  compiling aoc2023 (1 scala source)
2022.11.25 16:56:54 INFO  time: compiled aoc2023 in 0.3s
2022.11.25 16:56:54 INFO  compiling aoc2023 (1 scala source)
2022.11.25 16:56:56 INFO  time: compiled aoc2023 in 0.29s
2022.11.25 18:08:29 INFO  shutting down Metals
2022.11.25 18:08:29 INFO  Shut down connection with build server.
2022.11.25 18:08:29 INFO  Shut down connection with build server.
2022.11.28 10:10:51 INFO  tracing is disabled for protocol LSP, to enable tracing of incoming and outgoing JSON messages create an empty file at /Users/katherine/Desktop/Personal/AOC2023/.metals/lsp.trace.json or /Users/katherine/Library/Caches/org.scalameta.metals/lsp.trace.json
2022.11.28 10:10:54 INFO  logging to file /Users/katherine/Desktop/Personal/AOC2023/.metals/metals.log
2022.11.28 10:10:54 INFO  Started: Metals version 0.11.9 in workspace '/Users/katherine/Desktop/Personal/AOC2023' for client Visual Studio Code 1.73.1.
2022.11.28 10:10:57 INFO  time: initialize in 3.11s
2022.11.28 10:11:02 INFO  Attempting to connect to the build server...
2022.11.28 10:11:02 INFO  Bloop uses /Users/katherine/Library/Java/JavaVirtualMachines/corretto-17.0.4.1/Contents/Home defined at /Users/katherine/.bloop/bloop.json
2022.11.28 10:11:02 INFO  skipping build import with status 'Installed'
2022.11.28 10:11:10 INFO  tracing is disabled for protocol BSP, to enable tracing of incoming and outgoing JSON messages create an empty file at /Users/katherine/Desktop/Personal/AOC2023/.metals/bsp.trace.json or /Users/katherine/Library/Caches/org.scalameta.metals/bsp.trace.json
2022.11.28 10:11:11 INFO  Attempting to connect to the build server...
2022.11.28 10:11:11 INFO  Bloop uses /Users/katherine/Library/Java/JavaVirtualMachines/corretto-17.0.4.1/Contents/Home defined at /Users/katherine/.bloop/bloop.json
2022.11.28 10:11:11 INFO  tracing is disabled for protocol BSP, to enable tracing of incoming and outgoing JSON messages create an empty file at /Users/katherine/Desktop/Personal/AOC2023/project/.metals/bsp.trace.json or /Users/katherine/Library/Caches/org.scalameta.metals/bsp.trace.json
2022.11.28 10:11:11 INFO  time: Connected to build server in 9.07s
2022.11.28 10:11:11 INFO  Connected to Build server: Bloop v1.5.4
2022.11.28 10:11:13 INFO  no build target found for /Users/katherine/Desktop/Personal/AOC2023/src/main/scala/Day01.scala. Using presentation compiler with project's scala-library version: 3.2.0
2022.11.28 10:11:13 INFO  time: code lens generation in 11s
2022.11.28 10:11:14 INFO  time: Imported build in 0.35s
2022.11.28 10:11:25 INFO  time: indexed workspace in 11s
2022.11.28 10:11:26 INFO  compiling aoc2023 (1 scala source)
2022.11.28 10:11:31 INFO  time: compiled aoc2023 in 5.42s
2022.11.28 10:11:31 INFO  compiling aoc2023 (1 scala source)
2022.11.28 10:11:33 INFO  time: compiled aoc2023 in 1.82s
2022.11.28 10:17:47 INFO  shutting down Metals
2022.11.28 10:17:48 INFO  Shut down connection with build server.
2022.11.28 10:17:48 INFO  Shut down connection with build server.
2022.11.28 12:25:30 INFO  tracing is disabled for protocol LSP, to enable tracing of incoming and outgoing JSON messages create an empty file at /Users/katherine/Desktop/Personal/AOC2023/.metals/lsp.trace.json or /Users/katherine/Library/Caches/org.scalameta.metals/lsp.trace.json
2022.11.28 12:25:31 INFO  logging to file /Users/katherine/Desktop/Personal/AOC2023/.metals/metals.log
2022.11.28 12:25:31 INFO  Started: Metals version 0.11.9 in workspace '/Users/katherine/Desktop/Personal/AOC2023' for client Visual Studio Code 1.73.1.
2022.11.28 12:25:33 INFO  time: initialize in 2.04s
2022.11.28 12:25:38 INFO  Attempting to connect to the build server...
2022.11.28 12:25:38 INFO  Bloop uses /Users/katherine/Library/Java/JavaVirtualMachines/corretto-17.0.4.1/Contents/Home defined at /Users/katherine/.bloop/bloop.json
2022.11.28 12:25:39 INFO  skipping build import with status 'Installed'
2022.11.28 12:25:39 INFO  tracing is disabled for protocol BSP, to enable tracing of incoming and outgoing JSON messages create an empty file at /Users/katherine/Desktop/Personal/AOC2023/.metals/bsp.trace.json or /Users/katherine/Library/Caches/org.scalameta.metals/bsp.trace.json
2022.11.28 12:25:39 INFO  Attempting to connect to the build server...
2022.11.28 12:25:39 INFO  Bloop uses /Users/katherine/Library/Java/JavaVirtualMachines/corretto-17.0.4.1/Contents/Home defined at /Users/katherine/.bloop/bloop.json
2022.11.28 12:25:39 INFO  tracing is disabled for protocol BSP, to enable tracing of incoming and outgoing JSON messages create an empty file at /Users/katherine/Desktop/Personal/AOC2023/project/.metals/bsp.trace.json or /Users/katherine/Library/Caches/org.scalameta.metals/bsp.trace.json
2022.11.28 12:25:40 INFO  time: Connected to build server in 1.23s
2022.11.28 12:25:40 INFO  Connected to Build server: Bloop v1.5.4
2022.11.28 12:25:48 INFO  no build target found for /Users/katherine/Desktop/Personal/AOC2023/src/main/scala/Day01.scala. Using presentation compiler with project's scala-library version: 3.2.0
2022.11.28 12:25:48 INFO  time: code lens generation in 8.58s
2022.11.28 12:25:48 INFO  time: Imported build in 0.25s
2022.11.28 12:26:01 INFO  time: indexed workspace in 12s
2022.11.28 12:32:56 INFO  compiling aoc2023 (1 scala source)
2022.11.28 12:32:59 INFO  time: compiled aoc2023 in 2.85s
2022.11.28 12:32:59 INFO  compiling aoc2023 (1 scala source)
2022.11.28 12:33:00 INFO  time: compiled aoc2023 in 1.24s
2022.11.28 12:34:47 INFO  compiling aoc2023 (1 scala source)
2022.11.28 12:34:47 INFO  time: compiled aoc2023 in 0.59s
2022.11.28 12:35:17 INFO  compiling aoc2023 (1 scala source)
2022.11.28 12:35:18 INFO  time: compiled aoc2023 in 1.06s
2022.11.28 12:36:43 INFO  compiling aoc2023 (1 scala source)
2022.11.28 12:36:44 INFO  time: compiled aoc2023 in 1.06s
2022.11.28 12:36:44 INFO  compiling aoc2023 (1 scala source)
2022.11.28 12:36:44 INFO  time: compiled aoc2023 in 0.38s
2022.11.28 12:36:48 INFO  compiling aoc2023 (1 scala source)
2022.11.28 12:36:48 INFO  time: compiled aoc2023 in 0.51s
Nov 28, 2022 12:36:51 PM org.eclipse.lsp4j.jsonrpc.RemoteEndpoint handleCancellation
WARNING: Unmatched cancel notification for request id 85
2022.11.28 12:36:55 INFO  compiling aoc2023 (1 scala source)
2022.11.28 12:36:55 INFO  time: compiled aoc2023 in 0.51s
2022.11.28 12:36:58 INFO  compiling aoc2023 (1 scala source)
2022.11.28 12:36:59 INFO  time: compiled aoc2023 in 1.22s
2022.11.28 12:37:02 INFO  compiling aoc2023 (1 scala source)
2022.11.28 12:37:02 INFO  time: compiled aoc2023 in 0.88s
2022.11.28 12:37:04 INFO  compiling aoc2023 (1 scala source)
2022.11.28 12:37:06 INFO  time: compiled aoc2023 in 1.88s
2022.11.28 12:37:06 INFO  compiling aoc2023 (1 scala source)
2022.11.28 12:37:07 INFO  time: compiled aoc2023 in 1.07s
2022.11.28 12:37:09 INFO  compiling aoc2023 (1 scala source)
2022.11.28 12:37:09 INFO  time: compiled aoc2023 in 0.94s
2022.11.28 12:37:22 INFO  compiling aoc2023 (1 scala source)
2022.11.28 12:37:22 INFO  time: compiled aoc2023 in 0.58s
2022.11.28 12:37:24 INFO  compiling aoc2023 (1 scala source)
2022.11.28 12:37:24 INFO  time: compiled aoc2023 in 0.78s
2022.11.28 12:37:29 INFO  compiling aoc2023 (1 scala source)
2022.11.28 12:37:29 INFO  time: compiled aoc2023 in 0.32s
2022.11.28 12:37:32 INFO  compiling aoc2023 (1 scala source)
2022.11.28 12:37:40 INFO  time: compiled aoc2023 in 8.19s
2022.11.28 12:37:50 INFO  compiling aoc2023 (1 scala source)
2022.11.28 12:37:50 INFO  time: compiled aoc2023 in 0.66s
2022.11.28 12:37:56 INFO  compiling aoc2023 (1 scala source)
2022.11.28 12:37:56 INFO  time: compiled aoc2023 in 0.35s
2022.11.28 12:38:01 INFO  compiling aoc2023 (1 scala source)
2022.11.28 12:38:01 INFO  time: compiled aoc2023 in 0.27s
